This is pdfTeX, Version 3.14159265-2.6-1.40.16 (TeX Live 2015) (preloaded format=pdflatex 2015.5.24)  10 JUL 2018 13:54
entering extended mode
 restricted \write18 enabled.
 %&-line parsing enabled.
**ejs1.tex
(./ejs1.tex
LaTeX2e <2015/01/01>
Babel <3.9l> and hyphenation patterns for 79 languages loaded.
(./imsart.cls
Document Class: imsart 2010/04/27 driver class for package imsart.sty
(/usr/local/texlive/2015/texmf-dist/tex/latex/base/article.cls
Document Class: article 2014/09/29 v1.4h Standard LaTeX document class
(/usr/local/texlive/2015/texmf-dist/tex/latex/base/size10.clo
File: size10.clo 2014/09/29 v1.4h Standard LaTeX file (size option)
)
\c@part=\count79
\c@section=\count80
\c@subsection=\count81
\c@subsubsection=\count82
\c@paragraph=\count83
\c@subparagraph=\count84
\c@figure=\count85
\c@table=\count86
\abovecaptionskip=\skip41
\belowcaptionskip=\skip42
\bibindent=\dimen102
) (./imsart.sty
File: imsart.sty 2014/10/16IMS article style (VS)

No file imsart.cnf.
\c@firstpage=\count87
\c@lastpage=\count88
\c@thanks=\count89
\c@addressref=\count90
(/usr/local/texlive/2015/texmf-dist/tex/latex/graphics/keyval.sty
Package: keyval 2014/10/28 v1.15 key=value parser (DPC)
\KV@toks@=\toks14
)
\c@emailref=\count91
\c@author=\count92
\c@address=\count93
\sv@mathsurround=\dimen103
\sv@parindent=\dimen104
\fm@box=\box26
\fm@size=\dimen105
\t@xtheight=\dimen106
\abstract@box=\box27
\keyword@box=\box28
\pre@kwd@depth=\dimen107
\authors@list=\toks15
\keywords@list=\toks16

No file imsart-ejs.cnf.
)) (/usr/local/texlive/2015/texmf-dist/tex/latex/base/fontenc.sty
Package: fontenc 2005/09/27 v1.99g Standard LaTeX package

(/usr/local/texlive/2015/texmf-dist/tex/latex/base/ot1enc.def
File: ot1enc.def 2005/09/27 v1.99g Standard LaTeX file
LaTeX Font Info:    Redeclaring font encoding OT1 on input line 48.
))
(/usr/local/texlive/2015/texmf-dist/tex/latex/amscls/amsthm.sty
Package: amsthm 2015/03/04 v2.20.2
\thm@style=\toks17
\thm@bodyfont=\toks18
\thm@headfont=\toks19
\thm@notefont=\toks20
\thm@headpunct=\toks21
\thm@preskip=\skip43
\thm@postskip=\skip44
\thm@headsep=\skip45
\dth@everypar=\toks22
)
(/usr/local/texlive/2015/texmf-dist/tex/latex/amsmath/amsmath.sty
Package: amsmath 2013/01/14 v2.14 AMS math features
\@mathmargin=\skip46

For additional information on amsmath, use the `?' option.
(/usr/local/texlive/2015/texmf-dist/tex/latex/amsmath/amstext.sty
Package: amstext 2000/06/29 v2.01

(/usr/local/texlive/2015/texmf-dist/tex/latex/amsmath/amsgen.sty
File: amsgen.sty 1999/11/30 v2.0
\@emptytoks=\toks23
\ex@=\dimen108
))
(/usr/local/texlive/2015/texmf-dist/tex/latex/amsmath/amsbsy.sty
Package: amsbsy 1999/11/29 v1.2d
\pmbraise@=\dimen109
)
(/usr/local/texlive/2015/texmf-dist/tex/latex/amsmath/amsopn.sty
Package: amsopn 1999/12/14 v2.01 operator names
)
\inf@bad=\count94
LaTeX Info: Redefining \frac on input line 210.
\uproot@=\count95
\leftroot@=\count96
LaTeX Info: Redefining \overline on input line 306.
\classnum@=\count97
\DOTSCASE@=\count98
LaTeX Info: Redefining \ldots on input line 378.
LaTeX Info: Redefining \dots on input line 381.
LaTeX Info: Redefining \cdots on input line 466.
\Mathstrutbox@=\box29
\strutbox@=\box30
\big@size=\dimen110
LaTeX Font Info:    Redeclaring font encoding OML on input line 566.
LaTeX Font Info:    Redeclaring font encoding OMS on input line 567.
\macc@depth=\count99
\c@MaxMatrixCols=\count100
\dotsspace@=\muskip10
\c@parentequation=\count101
\dspbrk@lvl=\count102
\tag@help=\toks24
\row@=\count103
\column@=\count104
\maxfields@=\count105
\andhelp@=\toks25
\eqnshift@=\dimen111
\alignsep@=\dimen112
\tagshift@=\dimen113
\tagwidth@=\dimen114
\totwidth@=\dimen115
\lineht@=\dimen116
\@envbody=\toks26
\multlinegap=\skip47
\multlinetaggap=\skip48
\mathdisplay@stack=\toks27
LaTeX Info: Redefining \[ on input line 2665.
LaTeX Info: Redefining \] on input line 2666.
)
(/usr/local/texlive/2015/texmf-dist/tex/latex/natbib/natbib.sty
Package: natbib 2010/09/13 8.31b (PWD, AO)
\bibhang=\skip49
\bibsep=\skip50
LaTeX Info: Redefining \cite on input line 694.
\c@NAT@ctr=\count106
)
(/usr/local/texlive/2015/texmf-dist/tex/latex/hyperref/hyperref.sty
Package: hyperref 2012/11/06 v6.83m Hypertext links for LaTeX

(/usr/local/texlive/2015/texmf-dist/tex/generic/oberdiek/hobsub-hyperref.sty
Package: hobsub-hyperref 2012/05/28 v1.13 Bundle oberdiek, subset hyperref (HO)


(/usr/local/texlive/2015/texmf-dist/tex/generic/oberdiek/hobsub-generic.sty
Package: hobsub-generic 2012/05/28 v1.13 Bundle oberdiek, subset generic (HO)
Package: hobsub 2012/05/28 v1.13 Construct package bundles (HO)
Package: infwarerr 2010/04/08 v1.3 Providing info/warning/error messages (HO)
Package: ltxcmds 2011/11/09 v1.22 LaTeX kernel commands for general use (HO)
Package: ifluatex 2010/03/01 v1.3 Provides the ifluatex switch (HO)
Package ifluatex Info: LuaTeX not detected.
Package: ifvtex 2010/03/01 v1.5 Detect VTeX and its facilities (HO)
Package ifvtex Info: VTeX not detected.
Package: intcalc 2007/09/27 v1.1 Expandable calculations with integers (HO)
Package: ifpdf 2011/01/30 v2.3 Provides the ifpdf switch (HO)
Package ifpdf Info: pdfTeX in PDF mode is detected.
Package: etexcmds 2011/02/16 v1.5 Avoid name clashes with e-TeX commands (HO)
Package etexcmds Info: Could not find \expanded.
(etexcmds)             That can mean that you are not using pdfTeX 1.50 or
(etexcmds)             that some package has redefined \expanded.
(etexcmds)             In the latter case, load this package earlier.
Package: kvsetkeys 2012/04/25 v1.16 Key value parser (HO)
Package: kvdefinekeys 2011/04/07 v1.3 Define keys (HO)
Package: pdftexcmds 2011/11/29 v0.20 Utility functions of pdfTeX for LuaTeX (HO
)
Package pdftexcmds Info: LuaTeX not detected.
Package pdftexcmds Info: \pdf@primitive is available.
Package pdftexcmds Info: \pdf@ifprimitive is available.
Package pdftexcmds Info: \pdfdraftmode found.
Package: pdfescape 2011/11/25 v1.13 Implements pdfTeX's escape features (HO)
Package: bigintcalc 2012/04/08 v1.3 Expandable calculations on big integers (HO
)
Package: bitset 2011/01/30 v1.1 Handle bit-vector datatype (HO)
Package: uniquecounter 2011/01/30 v1.2 Provide unlimited unique counter (HO)
)
Package hobsub Info: Skipping package `hobsub' (already loaded).
Package: letltxmacro 2010/09/02 v1.4 Let assignment for LaTeX macros (HO)
Package: hopatch 2012/05/28 v1.2 Wrapper for package hooks (HO)
Package: xcolor-patch 2011/01/30 xcolor patch
Package: atveryend 2011/06/30 v1.8 Hooks at the very end of document (HO)
Package atveryend Info: \enddocument detected (standard20110627).
Package: atbegshi 2011/10/05 v1.16 At begin shipout hook (HO)
Package: refcount 2011/10/16 v3.4 Data extraction from label references (HO)
Package: hycolor 2011/01/30 v1.7 Color options for hyperref/bookmark (HO)
)
(/usr/local/texlive/2015/texmf-dist/tex/generic/ifxetex/ifxetex.sty
Package: ifxetex 2010/09/12 v0.6 Provides ifxetex conditional
)
(/usr/local/texlive/2015/texmf-dist/tex/latex/oberdiek/auxhook.sty
Package: auxhook 2011/03/04 v1.3 Hooks for auxiliary files (HO)
)
(/usr/local/texlive/2015/texmf-dist/tex/latex/oberdiek/kvoptions.sty
Package: kvoptions 2011/06/30 v3.11 Key value format for package options (HO)
)
\@linkdim=\dimen117
\Hy@linkcounter=\count107
\Hy@pagecounter=\count108

(/usr/local/texlive/2015/texmf-dist/tex/latex/hyperref/pd1enc.def
File: pd1enc.def 2012/11/06 v6.83m Hyperref: PDFDocEncoding definition (HO)
)
\Hy@SavedSpaceFactor=\count109

(/usr/local/texlive/2015/texmf-dist/tex/latex/latexconfig/hyperref.cfg
File: hyperref.cfg 2002/06/06 v1.2 hyperref configuration of TeXLive
)
Package hyperref Info: Option `colorlinks' set `true' on input line 4319.


Package hyperref Warning: Option `pagecolor' is not available anymore.

Package hyperref Info: Option `linktocpage' set `true' on input line 4319.
Package hyperref Info: Option `colorlinks' set `true' on input line 4319.
Package hyperref Info: Hyper figures OFF on input line 4443.
Package hyperref Info: Link nesting OFF on input line 4448.
Package hyperref Info: Hyper index ON on input line 4451.
Package hyperref Info: Plain pages OFF on input line 4458.
Package hyperref Info: Backreferencing OFF on input line 4463.
Package hyperref Info: Implicit mode ON; LaTeX internals redefined.
Package hyperref Info: Bookmarks ON on input line 4688.
\c@Hy@tempcnt=\count110
(/usr/local/texlive/2015/texmf-dist/tex/latex/url/url.sty
\Urlmuskip=\muskip11
Package: url 2013/09/16  ver 3.4  Verb mode for urls, etc.
)
LaTeX Info: Redefining \url on input line 5041.
\XeTeXLinkMargin=\dimen118
\Fld@menulength=\count111
\Field@Width=\dimen119
\Fld@charsize=\dimen120
Package hyperref Info: Hyper figures OFF on input line 6295.
Package hyperref Info: Link nesting OFF on input line 6300.
Package hyperref Info: Hyper index ON on input line 6303.
Package hyperref Info: backreferencing OFF on input line 6310.
Package hyperref Info: Link coloring ON on input line 6313.
Package hyperref Info: Link coloring with OCG OFF on input line 6320.
Package hyperref Info: PDF/A mode OFF on input line 6325.
LaTeX Info: Redefining \ref on input line 6365.
LaTeX Info: Redefining \pageref on input line 6369.
\Hy@abspage=\count112
\c@Item=\count113
\c@Hfootnote=\count114
)

Package hyperref Message: Driver (autodetected): hpdftex.

(/usr/local/texlive/2015/texmf-dist/tex/latex/hyperref/hpdftex.def
File: hpdftex.def 2012/11/06 v6.83m Hyperref driver for pdfTeX
\Fld@listcount=\count115
\c@bookmark@seq@number=\count116

(/usr/local/texlive/2015/texmf-dist/tex/latex/oberdiek/rerunfilecheck.sty
Package: rerunfilecheck 2011/04/15 v1.7 Rerun checks for auxiliary files (HO)
Package uniquecounter Info: New unique counter `rerunfilecheck' on input line 2
82.
)
\Hy@SectionHShift=\skip51
)
\c@thm=\count117

(/usr/local/texlive/2015/texmf-dist/tex/latex/base/fontenc.sty
Package: fontenc 2005/09/27 v1.99g Standard LaTeX package

(/usr/local/texlive/2015/texmf-dist/tex/latex/base/ot1enc.def
File: ot1enc.def 2005/09/27 v1.99g Standard LaTeX file
LaTeX Font Info:    Redeclaring font encoding OT1 on input line 48.
))
(/usr/local/texlive/2015/texmf-dist/tex/latex/tools/enumerate.sty
Package: enumerate 2014/10/28 v3.00 enumerate extensions (DPC)
\@enLab=\toks28
)
(/usr/local/texlive/2015/texmf-dist/tex/latex/graphics/graphicx.sty
Package: graphicx 2014/10/28 v1.0g Enhanced LaTeX Graphics (DPC,SPQR)

(/usr/local/texlive/2015/texmf-dist/tex/latex/graphics/graphics.sty
Package: graphics 2014/10/28 v1.0p Standard LaTeX Graphics (DPC,SPQR)

(/usr/local/texlive/2015/texmf-dist/tex/latex/graphics/trig.sty
Package: trig 1999/03/16 v1.09 sin cos tan (DPC)
)
(/usr/local/texlive/2015/texmf-dist/tex/latex/latexconfig/graphics.cfg
File: graphics.cfg 2010/04/23 v1.9 graphics configuration of TeX Live
)
Package graphics Info: Driver file: pdftex.def on input line 94.

(/usr/local/texlive/2015/texmf-dist/tex/latex/pdftex-def/pdftex.def
File: pdftex.def 2011/05/27 v0.06d Graphics/color for pdfTeX
\Gread@gobject=\count118
))
\Gin@req@height=\dimen121
\Gin@req@width=\dimen122
)
(/usr/local/texlive/2015/texmf-dist/tex/latex/amsfonts/amsfonts.sty
Package: amsfonts 2013/01/14 v3.01 Basic AMSFonts support
\symAMSa=\mathgroup4
\symAMSb=\mathgroup5
LaTeX Font Info:    Overwriting math alphabet `\mathfrak' in version `bold'
(Font)                  U/euf/m/n --> U/euf/b/n on input line 106.
)
(/usr/local/texlive/2015/texmf-dist/tex/latex/tools/bm.sty
Package: bm 2014/10/28 v1.1c Bold Symbol Support (DPC/FMi)
\symboldoperators=\mathgroup6
\symboldletters=\mathgroup7
\symboldsymbols=\mathgroup8
LaTeX Font Info:    Redeclaring math alphabet \mathbf on input line 141.
LaTeX Info: Redefining \bm on input line 207.
)
(/usr/local/texlive/2015/texmf-dist/tex/latex/bbm-macros/bbm.sty
Package: bbm 1999/03/15 V 1.2 provides fonts for set symbols - TH
LaTeX Font Info:    Overwriting math alphabet `\mathbbm' in version `bold'
(Font)                  U/bbm/m/n --> U/bbm/bx/n on input line 33.
LaTeX Font Info:    Overwriting math alphabet `\mathbbmss' in version `bold'
(Font)                  U/bbmss/m/n --> U/bbmss/bx/n on input line 35.
)
(/usr/local/texlive/2015/texmf-dist/tex/latex/algorithm2e/algorithm2e.sty
Package: algorithm2e 2013/01/06 v5.00 algorithms environments
\c@AlgoLine=\count119

(/usr/local/texlive/2015/texmf-dist/tex/latex/base/ifthen.sty
Package: ifthen 2014/09/29 v1.1c Standard LaTeX ifthen package (DPC)
)
(/usr/local/texlive/2015/texmf-dist/tex/latex/tools/xspace.sty
Package: xspace 2014/10/28 v1.13 Space after command names (DPC,MH)
)
(/usr/local/texlive/2015/texmf-dist/tex/latex/relsize/relsize.sty
Package: relsize 2013/03/29 ver 4.1
)
********************************************************
Package `algorithm2e' Release 5.0 -- january 06 2013 --
- algorithm2e-announce@lirmm.fr mailing list for announcement about releases
- algorithm2e-discussion@lirmm.fr mailing list for discussion about package
subscribe by emailing sympa@lirmm.fr with 'subscribe <list> <firstname name>'
- Author: Christophe Fiorio (cfiorio@um2.fr)
********************************************************
\skiptotal=\skip52
\skiplinenumber=\skip53
\skiprule=\skip54
\skiphlne=\skip55
\skiptext=\skip56
\skiplength=\skip57
\algomargin=\skip58
\skipalgocfslide=\skip59
\algowidth=\dimen123
\inoutsize=\dimen124
\inoutindent=\dimen125
\interspacetitleruled=\dimen126
\interspacealgoruled=\dimen127
\interspacetitleboxruled=\dimen128
\algocf@inoutbox=\box31
\algocf@inputbox=\box32
\AlCapSkip=\skip60
\AlCapHSkip=\skip61
\algoskipindent=\skip62
\algocf@nlbox=\box33
\algocf@hangingbox=\box34
\algocf@untilbox=\box35
\algocf@skipuntil=\skip63
\algocf@capbox=\box36
\algoheightruledefault=\skip64
\algoheightrule=\skip65
\algotitleheightruledefault=\skip66
\algotitleheightrule=\skip67
\c@algocfline=\count120
\c@algocfproc=\count121
\c@algocf=\count122
\algocf@algoframe=\box37
\algocf@algobox=\box38
) (/usr/local/texlive/2015/texmf-dist/tex/latex/oberdiek/epstopdf.sty
Package: epstopdf 2010/02/09 v2.5 Conversion with epstopdf on the fly (HO)

(/usr/local/texlive/2015/texmf-dist/tex/latex/oberdiek/epstopdf-base.sty
Package: epstopdf-base 2010/02/09 v2.5 Base part for package epstopdf

(/usr/local/texlive/2015/texmf-dist/tex/latex/oberdiek/grfext.sty
Package: grfext 2010/08/19 v1.1 Manage graphics extensions (HO)
)
Package grfext Info: Graphics extension search list:
(grfext)             [.png,.pdf,.jpg,.mps,.jpeg,.jbig2,.jb2,.PNG,.PDF,.JPG,.JPE
G,.JBIG2,.JB2,.eps]
(grfext)             \AppendGraphicsExtensions on input line 452.

(/usr/local/texlive/2015/texmf-dist/tex/latex/latexconfig/epstopdf-sys.cfg
File: epstopdf-sys.cfg 2010/07/13 v1.3 Configuration of (r)epstopdf for TeX Liv
e
)))
(/usr/local/texlive/2015/texmf-dist/tex/latex/caption/caption.sty
Package: caption 2013/05/02 v3.3-89 Customizing captions (AR)

(/usr/local/texlive/2015/texmf-dist/tex/latex/caption/caption3.sty
Package: caption3 2013/05/02 v1.6-88 caption3 kernel (AR)
Package caption3 Info: TeX engine: e-TeX on input line 57.
\captionmargin=\dimen129
\captionmargin@=\dimen130
\captionwidth=\dimen131
\caption@tempdima=\dimen132
\caption@indent=\dimen133
\caption@parindent=\dimen134
\caption@hangindent=\dimen135
Package caption Info: Unknown document class (or package),
(caption)             standard defaults will be used.
)

Package caption Warning: Unsupported document class (or package) detected,
(caption)                usage of the caption package is not recommended.
See the caption package documentation for explanation.

Package caption Info: \@makecaption = \long macro:#1#2->\vskip \abovecaptionski
p \figurecaption@size \sbox \@tempboxa {{\figurename@size #1}\figurename@skip #
2}\ifdim \wd \@tempboxa >\hsize {\figurename@size #1}\figurename@skip #2\par \e
lse \global \@minipagefalse \hb@xt@ \hsize {\hfil \box \@tempboxa \hfil }\fi \v
skip \belowcaptionskip .
\c@ContinuedFloat=\count123
Package caption Info: hyperref package is loaded.
) (/usr/local/texlive/2015/texmf-dist/tex/latex/caption/subcaption.sty
Package: subcaption 2013/02/03 v1.1-62 Sub-captions (AR)
\c@subfigure=\count124
\c@subtable=\count125
)
(/usr/local/texlive/2015/texmf-dist/tex/latex/graphics/color.sty
Package: color 2014/10/28 v1.1a Standard LaTeX Color (DPC)

(/usr/local/texlive/2015/texmf-dist/tex/latex/latexconfig/color.cfg
File: color.cfg 2007/01/18 v1.5 color configuration of teTeX/TeXLive
)
Package color Info: Driver file: pdftex.def on input line 142.
)
(/usr/local/texlive/2015/texmf-dist/tex/latex/multirow/multirow.sty
\bigstrutjot=\dimen136
)
(./ejs1.aux)
\openout1 = `ejs1.aux'.

LaTeX Font Info:    Checking defaults for OML/cmm/m/it on input line 91.
LaTeX Font Info:    ... okay on input line 91.
LaTeX Font Info:    Checking defaults for T1/cmr/m/n on input line 91.
LaTeX Font Info:    ... okay on input line 91.
LaTeX Font Info:    Checking defaults for OT1/cmr/m/n on input line 91.
LaTeX Font Info:    ... okay on input line 91.
LaTeX Font Info:    Checking defaults for OMS/cmsy/m/n on input line 91.
LaTeX Font Info:    ... okay on input line 91.
LaTeX Font Info:    Checking defaults for OMX/cmex/m/n on input line 91.
LaTeX Font Info:    ... okay on input line 91.
LaTeX Font Info:    Checking defaults for U/cmr/m/n on input line 91.
LaTeX Font Info:    ... okay on input line 91.
LaTeX Font Info:    Checking defaults for PD1/pdf/m/n on input line 91.
LaTeX Font Info:    ... okay on input line 91.
\AtBeginShipoutBox=\box39
Package hyperref Info: Link coloring ON on input line 91.
 (/usr/local/texlive/2015/texmf-dist/tex/latex/hyperref/nameref.sty
Package: nameref 2012/10/27 v2.43 Cross-referencing by name of section
(/usr/local/texlive/2015/texmf-dist/tex/generic/oberdiek/gettitlestring.sty
Package: gettitlestring 2010/12/03 v1.4 Cleanup title references (HO)
)
\c@section@level=\count126
)
LaTeX Info: Redefining \ref on input line 91.
LaTeX Info: Redefining \pageref on input line 91.
LaTeX Info: Redefining \nameref on input line 91.

(./ejs1.out) (./ejs1.out)
\@outlinefile=\write3
\openout3 = `ejs1.out'.


(/usr/local/texlive/2015/texmf-dist/tex/context/base/supp-pdf.mkii
[Loading MPS to PDF converter (version 2006.09.02).]
\scratchcounter=\count127
\scratchdimen=\dimen137
\scratchbox=\box40
\nofMPsegments=\count128
\nofMParguments=\count129
\everyMPshowfont=\toks29
\MPscratchCnt=\count130
\MPscratchDim=\dimen138
\MPnumerator=\count131
\makeMPintoPDFobject=\count132
\everyMPtoPDFconversion=\toks30
)
Package caption Info: Begin \AtBeginDocument code.
Package caption Info: End \AtBeginDocument code.
LaTeX Font Info:    Try loading font information for U+msa on input line 100.
 (/usr/local/texlive/2015/texmf-dist/tex/latex/amsfonts/umsa.fd
File: umsa.fd 2013/01/14 v3.01 AMS symbols A
)
LaTeX Font Info:    Try loading font information for U+msb on input line 100.

(/usr/local/texlive/2015/texmf-dist/tex/latex/amsfonts/umsb.fd
File: umsb.fd 2013/01/14 v3.01 AMS symbols B
) (./ejs1.toc)
\tf@toc=\write4
\openout4 = `ejs1.toc'.


[1{/usr/local/texlive/2015/texmf-var/fonts/map/pdftex/updmap/pdftex.map}

]
[2] [3]
LaTeX Font Info:    Try loading font information for OMS+cmr on input line 318.

 (/usr/local/texlive/2015/texmf-dist/tex/latex/base/omscmr.fd
File: omscmr.fd 2014/09/29 v2.5h Standard LaTeX font definitions
)
LaTeX Font Info:    Font shape `OMS/cmr/m/n' in size <10> not available
(Font)              Font shape `OMS/cmsy/m/n' tried instead on input line 318.
 [4]
<figures/CompareOthers3.pdf, id=306, 734.11104pt x 436.78973pt>
File: figures/CompareOthers3.pdf Graphic file (type pdf)

<use figures/CompareOthers3.pdf>
Package pdftex.def Info: figures/CompareOthers3.pdf used on input line 346.
(pdftex.def)             Requested size: 172.5pt x 102.63226pt.
LaTeX Font Info:    Font shape `OMS/cmr/m/it' in size <10> not available
(Font)              Font shape `OMS/cmsy/m/n' tried instead on input line 347.
 [5] [6 <./figures/CompareOthers3.pdf>]
[7] [8] <figures/kroupa_abc_imf.pdf, id=591, 980.47401pt x 806.73483pt>
File: figures/kroupa_abc_imf.pdf Graphic file (type pdf)

<use figures/kroupa_abc_imf.pdf>
Package pdftex.def Info: figures/kroupa_abc_imf.pdf used on input line 462.
(pdftex.def)             Requested size: 154.0424pt x 126.74135pt.

<figures/chabrier_abc_imf.pdf, id=596, 980.47401pt x 806.73483pt>
File: figures/chabrier_abc_imf.pdf Graphic file (type pdf)

<use figures/chabrier_abc_imf.pdf>
Package pdftex.def Info: figures/chabrier_abc_imf.pdf used on input line 467.
(pdftex.def)             Requested size: 154.0424pt x 126.74135pt.

<figures/kc_k.pdf, id=617, 665.64474pt x 445.03104pt>
File: figures/kc_k.pdf Graphic file (type pdf)
 <use figures/kc_k.pdf>
Package pdftex.def Info: figures/kc_k.pdf used on input line 484.
(pdftex.def)             Requested size: 104.88205pt x 70.11992pt.

<figures/kc_alpha.pdf, id=618, 665.64474pt x 445.03104pt>
File: figures/kc_alpha.pdf Graphic file (type pdf)

<use figures/kc_alpha.pdf>
Package pdftex.def Info: figures/kc_alpha.pdf used on input line 489.
(pdftex.def)             Requested size: 104.88205pt x 70.11992pt.

<figures/kc_gamma.pdf, id=619, 665.64474pt x 445.03104pt>
File: figures/kc_gamma.pdf Graphic file (type pdf)

<use figures/kc_gamma.pdf>
Package pdftex.def Info: figures/kc_gamma.pdf used on input line 494.
(pdftex.def)             Requested size: 104.88205pt x 70.11992pt.
 [9 <./figures/kroupa_abc_imf.pdf> <./figures/chabrier_abc_imf.pdf>] <figures/K
Spowerlaw_1000_1.pdf, id=840, 578.16pt x 433.62pt>
File: figures/KSpowerlaw_1000_1.pdf Graphic file (type pdf)

<use figures/KSpowerlaw_1000_1.pdf>
Package pdftex.def Info: figures/KSpowerlaw_1000_1.pdf used on input line 567.
(pdftex.def)             Requested size: 345.0pt x 258.74484pt.
 [10 <./figures/kc_k.pdf> <./figures/kc_alpha.pdf> <./figures/kc_gamma.pdf>] [1
1 <./figures/KSpowerlaw_1000_1.pdf>]
LaTeX Font Info:    Try loading font information for U+bbm on input line 615.

(/usr/local/texlive/2015/texmf-dist/tex/latex/bbm-macros/ubbm.fd
File: ubbm.fd 1999/03/15 V 1.2 Font definition for bbm font - TH
) [12] [13]
<figures/sim_study_true_imf.pdf, id=1107, 1011.78pt x 867.24pt>
File: figures/sim_study_true_imf.pdf Graphic file (type pdf)

<use figures/sim_study_true_imf.pdf>
Package pdftex.def Info: figures/sim_study_true_imf.pdf used on input line 727.

(pdftex.def)             Requested size: 125.57826pt x 107.63722pt.
 [14] [15 <./figures/sim_study_true_imf.pdf>] <figures/marg_k.pdf, id=1331, 970
.67232pt x 837.40373pt>
File: figures/marg_k.pdf Graphic file (type pdf)

<use figures/marg_k.pdf>
Package pdftex.def Info: figures/marg_k.pdf used on input line 801.
(pdftex.def)             Requested size: 165.59853pt x 142.85507pt.

<figures/marg_alpha.pdf, id=1332, 970.67232pt x 837.40373pt>
File: figures/marg_alpha.pdf Graphic file (type pdf)

<use figures/marg_alpha.pdf>
Package pdftex.def Info: figures/marg_alpha.pdf used on input line 806.
(pdftex.def)             Requested size: 165.59853pt x 142.85507pt.

<figures/marg_gamma.pdf, id=1333, 970.67232pt x 837.40373pt>
File: figures/marg_gamma.pdf Graphic file (type pdf)

<use figures/marg_gamma.pdf>
Package pdftex.def Info: figures/marg_gamma.pdf used on input line 811.
(pdftex.def)             Requested size: 165.59853pt x 142.85507pt.

<figures/marg_mtot.pdf, id=1334, 970.67232pt x 837.40373pt>
File: figures/marg_mtot.pdf Graphic file (type pdf)

<use figures/marg_mtot.pdf>
Package pdftex.def Info: figures/marg_mtot.pdf used on input line 816.
(pdftex.def)             Requested size: 165.59853pt x 142.85507pt.

<figures/joint_k_alpha.pdf, id=1337, 970.67232pt x 837.40373pt>
File: figures/joint_k_alpha.pdf Graphic file (type pdf)

<use figures/joint_k_alpha.pdf>
Package pdftex.def Info: figures/joint_k_alpha.pdf used on input line 830.
(pdftex.def)             Requested size: 110.40253pt x 95.24524pt.

<figures/joint_k_gamma.pdf, id=1338, 970.67232pt x 837.40373pt>
File: figures/joint_k_gamma.pdf Graphic file (type pdf)

<use figures/joint_k_gamma.pdf>
Package pdftex.def Info: figures/joint_k_gamma.pdf used on input line 835.
(pdftex.def)             Requested size: 110.40253pt x 95.24524pt.

<figures/joint_alpha_gamma.pdf, id=1339, 970.67232pt x 837.40373pt>
File: figures/joint_alpha_gamma.pdf Graphic file (type pdf)

<use figures/joint_alpha_gamma.pdf>
Package pdftex.def Info: figures/joint_alpha_gamma.pdf used on input line 840.
(pdftex.def)             Requested size: 110.40253pt x 95.24524pt.

<figures/sim_study_imf_combined.pdf, id=1342, 1072.77888pt x 868.56606pt>
File: figures/sim_study_imf_combined.pdf Graphic file (type pdf)

<use figures/sim_study_imf_combined.pdf>
Package pdftex.def Info: figures/sim_study_imf_combined.pdf used on input line 
853.
(pdftex.def)             Requested size: 172.5pt x 139.66257pt.
 [16 <./figures/marg_k.pdf> <./figures/marg_alpha.pdf> <./figures/marg_gamma.pd
f> <./figures/marg_mtot.pdf>] [17 <./figures/joint_k_alpha.pdf> <./figures/join
t_k_gamma.pdf> <./figures/joint_alpha_gamma.pdf> <./figures/sim_study_imf_combi
ned.pdf>] [18]
<figures/marg_k_obs.pdf, id=2293, 1019.77287pt x 841.69339pt>
File: figures/marg_k_obs.pdf Graphic file (type pdf)

<use figures/marg_k_obs.pdf>
Package pdftex.def Info: figures/marg_k_obs.pdf used on input line 895.
(pdftex.def)             Requested size: 165.59853pt x 136.67723pt.

<figures/marg_alpha_obs.pdf, id=2294, 1019.77287pt x 841.69339pt>
File: figures/marg_alpha_obs.pdf Graphic file (type pdf)

<use figures/marg_alpha_obs.pdf>
Package pdftex.def Info: figures/marg_alpha_obs.pdf used on input line 900.
(pdftex.def)             Requested size: 165.59853pt x 136.67723pt.

<figures/marg_gamma_obs.pdf, id=2295, 1019.77287pt x 841.69339pt>
File: figures/marg_gamma_obs.pdf Graphic file (type pdf)

<use figures/marg_gamma_obs.pdf>
Package pdftex.def Info: figures/marg_gamma_obs.pdf used on input line 905.
(pdftex.def)             Requested size: 165.59853pt x 136.67723pt.

<figures/marg_mtot_obs.pdf, id=2296, 1019.77287pt x 841.69339pt>
File: figures/marg_mtot_obs.pdf Graphic file (type pdf)

<use figures/marg_mtot_obs.pdf>
Package pdftex.def Info: figures/marg_mtot_obs.pdf used on input line 910.
(pdftex.def)             Requested size: 165.59853pt x 136.67723pt.

<figures/joint_k_alpha_obs.pdf, id=2303, 1019.77287pt x 841.69339pt>
File: figures/joint_k_alpha_obs.pdf Graphic file (type pdf)

<use figures/joint_k_alpha_obs.pdf>
Package pdftex.def Info: figures/joint_k_alpha_obs.pdf used on input line 930.
(pdftex.def)             Requested size: 110.40253pt x 91.12244pt.

<figures/joint_k_gamma_obs.pdf, id=2304, 1019.77287pt x 841.69339pt>
File: figures/joint_k_gamma_obs.pdf Graphic file (type pdf)

<use figures/joint_k_gamma_obs.pdf>
Package pdftex.def Info: figures/joint_k_gamma_obs.pdf used on input line 935.
(pdftex.def)             Requested size: 110.40253pt x 91.12244pt.

<figures/joint_k_mtot_obs.pdf, id=2305, 1019.77287pt x 841.69339pt>
File: figures/joint_k_mtot_obs.pdf Graphic file (type pdf)

<use figures/joint_k_mtot_obs.pdf>
Package pdftex.def Info: figures/joint_k_mtot_obs.pdf used on input line 940.
(pdftex.def)             Requested size: 110.40253pt x 91.12244pt.

<figures/joint_alpha_gamma_obs.pdf, id=2306, 1019.77287pt x 841.69339pt>
File: figures/joint_alpha_gamma_obs.pdf Graphic file (type pdf)

<use figures/joint_alpha_gamma_obs.pdf>
Package pdftex.def Info: figures/joint_alpha_gamma_obs.pdf used on input line 9
46.
(pdftex.def)             Requested size: 110.40253pt x 91.12244pt.

<figures/joint_alpha_mtot_obs.pdf, id=2307, 1019.77287pt x 841.69339pt>
File: figures/joint_alpha_mtot_obs.pdf Graphic file (type pdf)

<use figures/joint_alpha_mtot_obs.pdf>
Package pdftex.def Info: figures/joint_alpha_mtot_obs.pdf used on input line 95
1.
(pdftex.def)             Requested size: 110.40253pt x 91.12244pt.

<figures/joint_gamma_mtot_obs.pdf, id=2308, 1019.77287pt x 841.69339pt>
File: figures/joint_gamma_mtot_obs.pdf Graphic file (type pdf)

<use figures/joint_gamma_mtot_obs.pdf>
Package pdftex.def Info: figures/joint_gamma_mtot_obs.pdf used on input line 95
6.
(pdftex.def)             Requested size: 110.40253pt x 91.12244pt.

<figures/obs_pred_imf.pdf, id=2313, 1258.23077pt x 864.55087pt>
File: figures/obs_pred_imf.pdf Graphic file (type pdf)

<use figures/obs_pred_imf.pdf>
Package pdftex.def Info: figures/obs_pred_imf.pdf used on input line 972.
(pdftex.def)             Requested size: 293.2521pt x 201.4941pt.
 [19] [20 <./figures/marg_k_obs.pdf> <./figures/marg_alpha_obs.pdf> <./figures/
marg_gamma_obs.pdf> <./figures/marg_mtot_obs.pdf>] [21 <./figures/joint_k_alpha
_obs.pdf> <./figures/joint_k_gamma_obs.pdf> <./figures/joint_k_mtot_obs.pdf> <.
/figures/joint_alpha_gamma_obs.pdf> <./figures/joint_alpha_mtot_obs.pdf> <./fig
ures/joint_gamma_mtot_obs.pdf>] [22 <./figures/obs_pred_imf.pdf>] <figures/bate
_imf.pdf, id=3375, 867.24pt x 722.7pt>
File: figures/bate_imf.pdf Graphic file (type pdf)

<use figures/bate_imf.pdf>
Package pdftex.def Info: figures/bate_imf.pdf used on input line 1015.
(pdftex.def)             Requested size: 172.5pt x 143.74345pt.

<figures/bate_marginal_k.pdf, id=3384, 559.77551pt x 420.30705pt>
File: figures/bate_marginal_k.pdf Graphic file (type pdf)

<use figures/bate_marginal_k.pdf>
Package pdftex.def Info: figures/bate_marginal_k.pdf used on input line 1026.
(pdftex.def)             Requested size: 104.88205pt x 78.74965pt.

<figures/bate_marginal_alpha.pdf, id=3385, 559.77551pt x 420.30705pt>
File: figures/bate_marginal_alpha.pdf Graphic file (type pdf)

<use figures/bate_marginal_alpha.pdf>
Package pdftex.def Info: figures/bate_marginal_alpha.pdf used on input line 103
1.
(pdftex.def)             Requested size: 104.88205pt x 78.74965pt.

<figures/bate_marginal_gamma.pdf, id=3386, 559.77551pt x 420.30705pt>
File: figures/bate_marginal_gamma.pdf Graphic file (type pdf)

<use figures/bate_marginal_gamma.pdf>
Package pdftex.def Info: figures/bate_marginal_gamma.pdf used on input line 103
6.
(pdftex.def)             Requested size: 104.88205pt x 78.74965pt.

<figures/bate_joint_k_alpha.pdf, id=3391, 583.86552pt x 441.22731pt>
File: figures/bate_joint_k_alpha.pdf Graphic file (type pdf)

<use figures/bate_joint_k_alpha.pdf>
Package pdftex.def Info: figures/bate_joint_k_alpha.pdf used on input line 1050
.
(pdftex.def)             Requested size: 110.40253pt x 83.4301pt.

<figures/bate_joint_k_gamma.pdf, id=3392, 583.86552pt x 441.22731pt>
File: figures/bate_joint_k_gamma.pdf Graphic file (type pdf)

<use figures/bate_joint_k_gamma.pdf>
Package pdftex.def Info: figures/bate_joint_k_gamma.pdf used on input line 1055
.
(pdftex.def)             Requested size: 110.40253pt x 83.4301pt.

<figures/bate_joint_alpha_gamma.pdf, id=3393, 583.86552pt x 441.22731pt>
File: figures/bate_joint_alpha_gamma.pdf Graphic file (type pdf)

<use figures/bate_joint_alpha_gamma.pdf>
Package pdftex.def Info: figures/bate_joint_alpha_gamma.pdf used on input line 
1060.
(pdftex.def)             Requested size: 110.40253pt x 83.4301pt.

<figures/bate_pred_imf.pdf, id=3402, 1105.26721pt x 826.13232pt>
File: figures/bate_pred_imf.pdf Graphic file (type pdf)

<use figures/bate_pred_imf.pdf>
Package pdftex.def Info: figures/bate_pred_imf.pdf used on input line 1075.
(pdftex.def)             Requested size: 172.5pt x 128.93158pt.
 [23 <./figures/bate_imf.pdf> <./figures/bate_marginal_k.pdf> <./figures/bate_m
arginal_alpha.pdf> <./figures/bate_marginal_gamma.pdf>] [24 <./figures/bate_joi
nt_k_alpha.pdf> <./figures/bate_joint_k_gamma.pdf> <./figures/bate_joint_alpha_
gamma.pdf> <./figures/bate_pred_imf.pdf>]
[25] <figures/sim_basic_imf_mf_log10.pdf, id=4015, 638.385pt x 433.62pt>
File: figures/sim_basic_imf_mf_log10.pdf Graphic file (type pdf)

<use figures/sim_basic_imf_mf_log10.pdf>
Package pdftex.def Info: figures/sim_basic_imf_mf_log10.pdf used on input line 
1133.
(pdftex.def)             Requested size: 172.5pt x 117.16498pt.
 [26 <./figures/sim_basic_imf_mf_log10.pdf>] <figures/basic_1_1000_alpha.png, i
d=4114, 1027.84pt x 1027.84pt>
File: figures/basic_1_1000_alpha.png Graphic file (type png)

<use figures/basic_1_1000_alpha.png>
Package pdftex.def Info: figures/basic_1_1000_alpha.png used on input line 1154
.
(pdftex.def)             Requested size: 110.40253pt x 110.39655pt.

<figures/basic_1_1000_predictive_imf.png, id=4116, 1027.84pt x 1027.84pt>
File: figures/basic_1_1000_predictive_imf.png Graphic file (type png)

<use figures/basic_1_1000_predictive_imf.png>
Package pdftex.def Info: figures/basic_1_1000_predictive_imf.png used on input 
line 1159.
(pdftex.def)             Requested size: 110.40253pt x 110.39655pt.

<figures/basic_1_1000_predictive_mf.png, id=4117, 1027.84pt x 1027.84pt>
File: figures/basic_1_1000_predictive_mf.png Graphic file (type png)

<use figures/basic_1_1000_predictive_mf.png>
Package pdftex.def Info: figures/basic_1_1000_predictive_mf.png used on input l
ine 1164.
(pdftex.def)             Requested size: 110.40253pt x 110.39655pt.
 (./ejs1.bbl [27 <./figures/basic_1_1000_alpha.png> <./figures/basic_1_1000_pre
dictive_imf.png> <./figures/basic_1_1000_predictive_mf.png>]
Underfull \hbox (badness 3271) in paragraph at lines 21--46
[]\OT1/cmr/m/sc/10 Ashworth, G.\OT1/cmr/m/n/10 , \OT1/cmr/m/sc/10 Fu-ma-galli, 
M.\OT1/cmr/m/n/10 , \OT1/cmr/m/sc/10 Krumholz, M. R.\OT1/cmr/m/n/10 , \OT1/cmr/
m/sc/10 Adamo, A.\OT1/cmr/m/n/10 ,
 []

[28] [29] [30] [31])
Package atveryend Info: Empty hook `BeforeClearDocument' on input line 1202.
 [32]
Package atveryend Info: Empty hook `AfterLastShipout' on input line 1202.
 (./ejs1.aux)
Package atveryend Info: Executing hook `AtVeryEndDocument' on input line 1202.
Package atveryend Info: Executing hook `AtEndAfterFileList' on input line 1202.

Package rerunfilecheck Info: File `ejs1.out' has not changed.
(rerunfilecheck)             Checksum: 7D70F63659CC012EBA317F4A6BCCF047;1226.
Package atveryend Info: Empty hook `AtVeryVeryEnd' on input line 1202.
 )
(\end occurred when \ifnum on line 168 was incomplete) 
Here is how much of TeX's memory you used:
 10356 strings out of 493089
 154349 string characters out of 6134842
 282285 words of memory out of 5000000
 13498 multiletter control sequences out of 15000+600000
 20785 words of font info for 78 fonts, out of 8000000 for 9000
 1141 hyphenation exceptions out of 8191
 36i,18n,41p,1441b,570s stack positions out of 5000i,500n,10000p,200000b,80000s
 </Users/chadschafer/Libr
ary/texlive/2015/texmf-var/fonts/pk/ljfour/public/bbm/bbm10.600pk></usr/local/t
exlive/2015/texmf-dist/fonts/type1/public/amsfonts/cm/cmbx10.pfb></usr/local/te
xlive/2015/texmf-dist/fonts/type1/public/amsfonts/cm/cmbx12.pfb></usr/local/tex
live/2015/texmf-dist/fonts/type1/public/amsfonts/cm/cmbx8.pfb></usr/local/texli
ve/2015/texmf-dist/fonts/type1/public/amsfonts/cm/cmbxti10.pfb></usr/local/texl
ive/2015/texmf-dist/fonts/type1/public/amsfonts/cm/cmcsc10.pfb></usr/local/texl
ive/2015/texmf-dist/fonts/type1/public/amsfonts/cm/cmex10.pfb></usr/local/texli
ve/2015/texmf-dist/fonts/type1/public/amsfonts/cmextra/cmex7.pfb></usr/local/te
xlive/2015/texmf-dist/fonts/type1/public/amsfonts/cm/cmmi10.pfb></usr/local/tex
live/2015/texmf-dist/fonts/type1/public/amsfonts/cm/cmmi5.pfb></usr/local/texli
ve/2015/texmf-dist/fonts/type1/public/amsfonts/cm/cmmi6.pfb></usr/local/texlive
/2015/texmf-dist/fonts/type1/public/amsfonts/cm/cmmi7.pfb></usr/local/texlive/2
015/texmf-dist/fonts/type1/public/amsfonts/cm/cmmi8.pfb></usr/local/texlive/201
5/texmf-dist/fonts/type1/public/amsfonts/cm/cmmi9.pfb></usr/local/texlive/2015/
texmf-dist/fonts/type1/public/amsfonts/cm/cmmib10.pfb></usr/local/texlive/2015/
texmf-dist/fonts/type1/public/amsfonts/cm/cmr10.pfb></usr/local/texlive/2015/te
xmf-dist/fonts/type1/public/amsfonts/cm/cmr5.pfb></usr/local/texlive/2015/texmf
-dist/fonts/type1/public/amsfonts/cm/cmr6.pfb></usr/local/texlive/2015/texmf-di
st/fonts/type1/public/amsfonts/cm/cmr7.pfb></usr/local/texlive/2015/texmf-dist/
fonts/type1/public/amsfonts/cm/cmr8.pfb></usr/local/texlive/2015/texmf-dist/fon
ts/type1/public/amsfonts/cm/cmr9.pfb></usr/local/texlive/2015/texmf-dist/fonts/
type1/public/amsfonts/cm/cmsy10.pfb></usr/local/texlive/2015/texmf-dist/fonts/t
ype1/public/amsfonts/cm/cmsy5.pfb></usr/local/texlive/2015/texmf-dist/fonts/typ
e1/public/amsfonts/cm/cmsy6.pfb></usr/local/texlive/2015/texmf-dist/fonts/type1
/public/amsfonts/cm/cmsy7.pfb></usr/local/texlive/2015/texmf-dist/fonts/type1/p
ublic/amsfonts/cm/cmsy8.pfb></usr/local/texlive/2015/texmf-dist/fonts/type1/pub
lic/amsfonts/cm/cmti10.pfb></usr/local/texlive/2015/texmf-dist/fonts/type1/publ
ic/amsfonts/cm/cmti7.pfb></usr/local/texlive/2015/texmf-dist/fonts/type1/public
/amsfonts/cm/cmti8.pfb></usr/local/texlive/2015/texmf-dist/fonts/type1/public/a
msfonts/cm/cmti9.pfb></usr/local/texlive/2015/texmf-dist/fonts/type1/public/ams
fonts/cm/cmtt8.pfb>
Output written on ejs1.pdf (32 pages, 8168532 bytes).
PDF statistics:
 4283 PDF objects out of 4296 (max. 8388607)
 3281 compressed objects within 33 object streams
 152 named destinations out of 1000 (max. 500000)
 340 words of extra memory for PDF output out of 10000 (max. 10000000)

