This is pdfTeX, Version 3.14159265-2.6-1.40.16 (TeX Live 2015) (preloaded format=pdflatex 2015.5.24)  29 JUN 2018 07:43
entering extended mode
 restricted \write18 enabled.
 %&-line parsing enabled.
**jasa2.tex
(./jasa2.tex
LaTeX2e <2015/01/01>
Babel <3.9l> and hyphenation patterns for 79 languages loaded.
(/usr/local/texlive/2015/texmf-dist/tex/latex/base/article.cls
Document Class: article 2014/09/29 v1.4h Standard LaTeX document class
(/usr/local/texlive/2015/texmf-dist/tex/latex/base/size12.clo
File: size12.clo 2014/09/29 v1.4h Standard LaTeX file (size option)
)
\c@part=\count79
\c@section=\count80
\c@subsection=\count81
\c@subsubsection=\count82
\c@paragraph=\count83
\c@subparagraph=\count84
\c@figure=\count85
\c@table=\count86
\abovecaptionskip=\skip41
\belowcaptionskip=\skip42
\bibindent=\dimen102
)
(/usr/local/texlive/2015/texmf-dist/tex/latex/base/fontenc.sty
Package: fontenc 2005/09/27 v1.99g Standard LaTeX package

(/usr/local/texlive/2015/texmf-dist/tex/latex/base/ot1enc.def
File: ot1enc.def 2005/09/27 v1.99g Standard LaTeX file
LaTeX Font Info:    Redeclaring font encoding OT1 on input line 48.
))
(/usr/local/texlive/2015/texmf-dist/tex/latex/amscls/amsthm.sty
Package: amsthm 2015/03/04 v2.20.2
\thm@style=\toks14
\thm@bodyfont=\toks15
\thm@headfont=\toks16
\thm@notefont=\toks17
\thm@headpunct=\toks18
\thm@preskip=\skip43
\thm@postskip=\skip44
\thm@headsep=\skip45
\dth@everypar=\toks19
)
(/usr/local/texlive/2015/texmf-dist/tex/latex/amsmath/amsmath.sty
Package: amsmath 2013/01/14 v2.14 AMS math features
\@mathmargin=\skip46

For additional information on amsmath, use the `?' option.
(/usr/local/texlive/2015/texmf-dist/tex/latex/amsmath/amstext.sty
Package: amstext 2000/06/29 v2.01

(/usr/local/texlive/2015/texmf-dist/tex/latex/amsmath/amsgen.sty
File: amsgen.sty 1999/11/30 v2.0
\@emptytoks=\toks20
\ex@=\dimen103
))
(/usr/local/texlive/2015/texmf-dist/tex/latex/amsmath/amsbsy.sty
Package: amsbsy 1999/11/29 v1.2d
\pmbraise@=\dimen104
)
(/usr/local/texlive/2015/texmf-dist/tex/latex/amsmath/amsopn.sty
Package: amsopn 1999/12/14 v2.01 operator names
)
\inf@bad=\count87
LaTeX Info: Redefining \frac on input line 210.
\uproot@=\count88
\leftroot@=\count89
LaTeX Info: Redefining \overline on input line 306.
\classnum@=\count90
\DOTSCASE@=\count91
LaTeX Info: Redefining \ldots on input line 378.
LaTeX Info: Redefining \dots on input line 381.
LaTeX Info: Redefining \cdots on input line 466.
\Mathstrutbox@=\box26
\strutbox@=\box27
\big@size=\dimen105
LaTeX Font Info:    Redeclaring font encoding OML on input line 566.
LaTeX Font Info:    Redeclaring font encoding OMS on input line 567.
\macc@depth=\count92
\c@MaxMatrixCols=\count93
\dotsspace@=\muskip10
\c@parentequation=\count94
\dspbrk@lvl=\count95
\tag@help=\toks21
\row@=\count96
\column@=\count97
\maxfields@=\count98
\andhelp@=\toks22
\eqnshift@=\dimen106
\alignsep@=\dimen107
\tagshift@=\dimen108
\tagwidth@=\dimen109
\totwidth@=\dimen110
\lineht@=\dimen111
\@envbody=\toks23
\multlinegap=\skip47
\multlinetaggap=\skip48
\mathdisplay@stack=\toks24
LaTeX Info: Redefining \[ on input line 2665.
LaTeX Info: Redefining \] on input line 2666.
)
(/usr/local/texlive/2015/texmf-dist/tex/latex/natbib/natbib.sty
Package: natbib 2010/09/13 8.31b (PWD, AO)
\bibhang=\skip49
\bibsep=\skip50
LaTeX Info: Redefining \cite on input line 694.
\c@NAT@ctr=\count99
)
(/usr/local/texlive/2015/texmf-dist/tex/latex/hyperref/hyperref.sty
Package: hyperref 2012/11/06 v6.83m Hypertext links for LaTeX

(/usr/local/texlive/2015/texmf-dist/tex/generic/oberdiek/hobsub-hyperref.sty
Package: hobsub-hyperref 2012/05/28 v1.13 Bundle oberdiek, subset hyperref (HO)


(/usr/local/texlive/2015/texmf-dist/tex/generic/oberdiek/hobsub-generic.sty
Package: hobsub-generic 2012/05/28 v1.13 Bundle oberdiek, subset generic (HO)
Package: hobsub 2012/05/28 v1.13 Construct package bundles (HO)
Package: infwarerr 2010/04/08 v1.3 Providing info/warning/error messages (HO)
Package: ltxcmds 2011/11/09 v1.22 LaTeX kernel commands for general use (HO)
Package: ifluatex 2010/03/01 v1.3 Provides the ifluatex switch (HO)
Package ifluatex Info: LuaTeX not detected.
Package: ifvtex 2010/03/01 v1.5 Detect VTeX and its facilities (HO)
Package ifvtex Info: VTeX not detected.
Package: intcalc 2007/09/27 v1.1 Expandable calculations with integers (HO)
Package: ifpdf 2011/01/30 v2.3 Provides the ifpdf switch (HO)
Package ifpdf Info: pdfTeX in PDF mode is detected.
Package: etexcmds 2011/02/16 v1.5 Avoid name clashes with e-TeX commands (HO)
Package etexcmds Info: Could not find \expanded.
(etexcmds)             That can mean that you are not using pdfTeX 1.50 or
(etexcmds)             that some package has redefined \expanded.
(etexcmds)             In the latter case, load this package earlier.
Package: kvsetkeys 2012/04/25 v1.16 Key value parser (HO)
Package: kvdefinekeys 2011/04/07 v1.3 Define keys (HO)
Package: pdftexcmds 2011/11/29 v0.20 Utility functions of pdfTeX for LuaTeX (HO
)
Package pdftexcmds Info: LuaTeX not detected.
Package pdftexcmds Info: \pdf@primitive is available.
Package pdftexcmds Info: \pdf@ifprimitive is available.
Package pdftexcmds Info: \pdfdraftmode found.
Package: pdfescape 2011/11/25 v1.13 Implements pdfTeX's escape features (HO)
Package: bigintcalc 2012/04/08 v1.3 Expandable calculations on big integers (HO
)
Package: bitset 2011/01/30 v1.1 Handle bit-vector datatype (HO)
Package: uniquecounter 2011/01/30 v1.2 Provide unlimited unique counter (HO)
)
Package hobsub Info: Skipping package `hobsub' (already loaded).
Package: letltxmacro 2010/09/02 v1.4 Let assignment for LaTeX macros (HO)
Package: hopatch 2012/05/28 v1.2 Wrapper for package hooks (HO)
Package: xcolor-patch 2011/01/30 xcolor patch
Package: atveryend 2011/06/30 v1.8 Hooks at the very end of document (HO)
Package atveryend Info: \enddocument detected (standard20110627).
Package: atbegshi 2011/10/05 v1.16 At begin shipout hook (HO)
Package: refcount 2011/10/16 v3.4 Data extraction from label references (HO)
Package: hycolor 2011/01/30 v1.7 Color options for hyperref/bookmark (HO)
)
(/usr/local/texlive/2015/texmf-dist/tex/latex/graphics/keyval.sty
Package: keyval 2014/10/28 v1.15 key=value parser (DPC)
\KV@toks@=\toks25
)
(/usr/local/texlive/2015/texmf-dist/tex/generic/ifxetex/ifxetex.sty
Package: ifxetex 2010/09/12 v0.6 Provides ifxetex conditional
)
(/usr/local/texlive/2015/texmf-dist/tex/latex/oberdiek/auxhook.sty
Package: auxhook 2011/03/04 v1.3 Hooks for auxiliary files (HO)
)
(/usr/local/texlive/2015/texmf-dist/tex/latex/oberdiek/kvoptions.sty
Package: kvoptions 2011/06/30 v3.11 Key value format for package options (HO)
)
\@linkdim=\dimen112
\Hy@linkcounter=\count100
\Hy@pagecounter=\count101

(/usr/local/texlive/2015/texmf-dist/tex/latex/hyperref/pd1enc.def
File: pd1enc.def 2012/11/06 v6.83m Hyperref: PDFDocEncoding definition (HO)
)
\Hy@SavedSpaceFactor=\count102

(/usr/local/texlive/2015/texmf-dist/tex/latex/latexconfig/hyperref.cfg
File: hyperref.cfg 2002/06/06 v1.2 hyperref configuration of TeXLive
)
Package hyperref Info: Hyper figures OFF on input line 4443.
Package hyperref Info: Link nesting OFF on input line 4448.
Package hyperref Info: Hyper index ON on input line 4451.
Package hyperref Info: Plain pages OFF on input line 4458.
Package hyperref Info: Backreferencing OFF on input line 4463.
Package hyperref Info: Implicit mode ON; LaTeX internals redefined.
Package hyperref Info: Bookmarks ON on input line 4688.
\c@Hy@tempcnt=\count103

(/usr/local/texlive/2015/texmf-dist/tex/latex/url/url.sty
\Urlmuskip=\muskip11
Package: url 2013/09/16  ver 3.4  Verb mode for urls, etc.
)
LaTeX Info: Redefining \url on input line 5041.
\XeTeXLinkMargin=\dimen113
\Fld@menulength=\count104
\Field@Width=\dimen114
\Fld@charsize=\dimen115
Package hyperref Info: Hyper figures OFF on input line 6295.
Package hyperref Info: Link nesting OFF on input line 6300.
Package hyperref Info: Hyper index ON on input line 6303.
Package hyperref Info: backreferencing OFF on input line 6310.
Package hyperref Info: Link coloring OFF on input line 6315.
Package hyperref Info: Link coloring with OCG OFF on input line 6320.
Package hyperref Info: PDF/A mode OFF on input line 6325.
LaTeX Info: Redefining \ref on input line 6365.
LaTeX Info: Redefining \pageref on input line 6369.
\Hy@abspage=\count105
\c@Item=\count106
\c@Hfootnote=\count107
)

Package hyperref Message: Driver (autodetected): hpdftex.

(/usr/local/texlive/2015/texmf-dist/tex/latex/hyperref/hpdftex.def
File: hpdftex.def 2012/11/06 v6.83m Hyperref driver for pdfTeX
\Fld@listcount=\count108
\c@bookmark@seq@number=\count109

(/usr/local/texlive/2015/texmf-dist/tex/latex/oberdiek/rerunfilecheck.sty
Package: rerunfilecheck 2011/04/15 v1.7 Rerun checks for auxiliary files (HO)
Package uniquecounter Info: New unique counter `rerunfilecheck' on input line 2
82.
)
\Hy@SectionHShift=\skip51
)
(/usr/local/texlive/2015/texmf-dist/tex/latex/tools/enumerate.sty
Package: enumerate 2014/10/28 v3.00 enumerate extensions (DPC)
\@enLab=\toks26
)
(/usr/local/texlive/2015/texmf-dist/tex/latex/graphics/graphicx.sty
Package: graphicx 2014/10/28 v1.0g Enhanced LaTeX Graphics (DPC,SPQR)

(/usr/local/texlive/2015/texmf-dist/tex/latex/graphics/graphics.sty
Package: graphics 2014/10/28 v1.0p Standard LaTeX Graphics (DPC,SPQR)

(/usr/local/texlive/2015/texmf-dist/tex/latex/graphics/trig.sty
Package: trig 1999/03/16 v1.09 sin cos tan (DPC)
)
(/usr/local/texlive/2015/texmf-dist/tex/latex/latexconfig/graphics.cfg
File: graphics.cfg 2010/04/23 v1.9 graphics configuration of TeX Live
)
Package graphics Info: Driver file: pdftex.def on input line 94.

(/usr/local/texlive/2015/texmf-dist/tex/latex/pdftex-def/pdftex.def
File: pdftex.def 2011/05/27 v0.06d Graphics/color for pdfTeX
\Gread@gobject=\count110
))
\Gin@req@height=\dimen116
\Gin@req@width=\dimen117
)
(/usr/local/texlive/2015/texmf-dist/tex/latex/amsfonts/amsfonts.sty
Package: amsfonts 2013/01/14 v3.01 Basic AMSFonts support
\symAMSa=\mathgroup4
\symAMSb=\mathgroup5
LaTeX Font Info:    Overwriting math alphabet `\mathfrak' in version `bold'
(Font)                  U/euf/m/n --> U/euf/b/n on input line 106.
)
(/usr/local/texlive/2015/texmf-dist/tex/latex/tools/bm.sty
Package: bm 2014/10/28 v1.1c Bold Symbol Support (DPC/FMi)
\symboldoperators=\mathgroup6
\symboldletters=\mathgroup7
\symboldsymbols=\mathgroup8
LaTeX Font Info:    Redeclaring math alphabet \mathbf on input line 141.
LaTeX Info: Redefining \bm on input line 207.
)
(/usr/local/texlive/2015/texmf-dist/tex/latex/bbm-macros/bbm.sty
Package: bbm 1999/03/15 V 1.2 provides fonts for set symbols - TH
LaTeX Font Info:    Overwriting math alphabet `\mathbbm' in version `bold'
(Font)                  U/bbm/m/n --> U/bbm/bx/n on input line 33.
LaTeX Font Info:    Overwriting math alphabet `\mathbbmss' in version `bold'
(Font)                  U/bbmss/m/n --> U/bbmss/bx/n on input line 35.
)
(/usr/local/texlive/2015/texmf-dist/tex/latex/algorithm2e/algorithm2e.sty
Package: algorithm2e 2013/01/06 v5.00 algorithms environments
\c@AlgoLine=\count111

(/usr/local/texlive/2015/texmf-dist/tex/latex/base/ifthen.sty
Package: ifthen 2014/09/29 v1.1c Standard LaTeX ifthen package (DPC)
)
(/usr/local/texlive/2015/texmf-dist/tex/latex/tools/xspace.sty
Package: xspace 2014/10/28 v1.13 Space after command names (DPC,MH)
)
(/usr/local/texlive/2015/texmf-dist/tex/latex/relsize/relsize.sty
Package: relsize 2013/03/29 ver 4.1
)
********************************************************
Package `algorithm2e' Release 5.0 -- january 06 2013 --
- algorithm2e-announce@lirmm.fr mailing list for announcement about releases
- algorithm2e-discussion@lirmm.fr mailing list for discussion about package
subscribe by emailing sympa@lirmm.fr with 'subscribe <list> <firstname name>'
- Author: Christophe Fiorio (cfiorio@um2.fr)
********************************************************
\skiptotal=\skip52
\skiplinenumber=\skip53
\skiprule=\skip54
\skiphlne=\skip55
\skiptext=\skip56
\skiplength=\skip57
\algomargin=\skip58
\skipalgocfslide=\skip59
\algowidth=\dimen118
\inoutsize=\dimen119
\inoutindent=\dimen120
\interspacetitleruled=\dimen121
\interspacealgoruled=\dimen122
\interspacetitleboxruled=\dimen123
\algocf@inoutbox=\box28
\algocf@inputbox=\box29
\AlCapSkip=\skip60
\AlCapHSkip=\skip61
\algoskipindent=\skip62
\algocf@nlbox=\box30
\algocf@hangingbox=\box31
\algocf@untilbox=\box32
\algocf@skipuntil=\skip63
\algocf@capbox=\box33
\algoheightruledefault=\skip64
\algoheightrule=\skip65
\algotitleheightruledefault=\skip66
\algotitleheightrule=\skip67
\c@algocfline=\count112
\c@algocfproc=\count113
\c@algocf=\count114
\algocf@algoframe=\box34
\algocf@algobox=\box35
) (/usr/local/texlive/2015/texmf-dist/tex/latex/oberdiek/epstopdf.sty
Package: epstopdf 2010/02/09 v2.5 Conversion with epstopdf on the fly (HO)

(/usr/local/texlive/2015/texmf-dist/tex/latex/oberdiek/epstopdf-base.sty
Package: epstopdf-base 2010/02/09 v2.5 Base part for package epstopdf

(/usr/local/texlive/2015/texmf-dist/tex/latex/oberdiek/grfext.sty
Package: grfext 2010/08/19 v1.1 Manage graphics extensions (HO)
)
Package grfext Info: Graphics extension search list:
(grfext)             [.png,.pdf,.jpg,.mps,.jpeg,.jbig2,.jb2,.PNG,.PDF,.JPG,.JPE
G,.JBIG2,.JB2,.eps]
(grfext)             \AppendGraphicsExtensions on input line 452.

(/usr/local/texlive/2015/texmf-dist/tex/latex/latexconfig/epstopdf-sys.cfg
File: epstopdf-sys.cfg 2010/07/13 v1.3 Configuration of (r)epstopdf for TeX Liv
e
)))
(/usr/local/texlive/2015/texmf-dist/tex/latex/caption/caption.sty
Package: caption 2013/05/02 v3.3-89 Customizing captions (AR)

(/usr/local/texlive/2015/texmf-dist/tex/latex/caption/caption3.sty
Package: caption3 2013/05/02 v1.6-88 caption3 kernel (AR)
Package caption3 Info: TeX engine: e-TeX on input line 57.
\captionmargin=\dimen124
\captionmargin@=\dimen125
\captionwidth=\dimen126
\caption@tempdima=\dimen127
\caption@indent=\dimen128
\caption@parindent=\dimen129
\caption@hangindent=\dimen130
)
\c@ContinuedFloat=\count115
Package caption Info: hyperref package is loaded.
)
(/usr/local/texlive/2015/texmf-dist/tex/latex/caption/subcaption.sty
Package: subcaption 2013/02/03 v1.1-62 Sub-captions (AR)
\c@subfigure=\count116
\c@subtable=\count117
)
(/usr/local/texlive/2015/texmf-dist/tex/latex/graphics/color.sty
Package: color 2014/10/28 v1.1a Standard LaTeX Color (DPC)

(/usr/local/texlive/2015/texmf-dist/tex/latex/latexconfig/color.cfg
File: color.cfg 2007/01/18 v1.5 color configuration of teTeX/TeXLive
)
Package color Info: Driver file: pdftex.def on input line 142.
)
(/usr/local/texlive/2015/texmf-dist/tex/latex/multirow/multirow.sty
\bigstrutjot=\dimen131
)
(./jasa2.aux)
\openout1 = `jasa2.aux'.

LaTeX Font Info:    Checking defaults for OML/cmm/m/it on input line 85.
LaTeX Font Info:    ... okay on input line 85.
LaTeX Font Info:    Checking defaults for T1/cmr/m/n on input line 85.
LaTeX Font Info:    ... okay on input line 85.
LaTeX Font Info:    Checking defaults for OT1/cmr/m/n on input line 85.
LaTeX Font Info:    ... okay on input line 85.
LaTeX Font Info:    Checking defaults for OMS/cmsy/m/n on input line 85.
LaTeX Font Info:    ... okay on input line 85.
LaTeX Font Info:    Checking defaults for OMX/cmex/m/n on input line 85.
LaTeX Font Info:    ... okay on input line 85.
LaTeX Font Info:    Checking defaults for U/cmr/m/n on input line 85.
LaTeX Font Info:    ... okay on input line 85.
LaTeX Font Info:    Checking defaults for PD1/pdf/m/n on input line 85.
LaTeX Font Info:    ... okay on input line 85.
\AtBeginShipoutBox=\box36
Package hyperref Info: Link coloring OFF on input line 85.

(/usr/local/texlive/2015/texmf-dist/tex/latex/hyperref/nameref.sty
Package: nameref 2012/10/27 v2.43 Cross-referencing by name of section

(/usr/local/texlive/2015/texmf-dist/tex/generic/oberdiek/gettitlestring.sty
Package: gettitlestring 2010/12/03 v1.4 Cleanup title references (HO)
)
\c@section@level=\count118
)
LaTeX Info: Redefining \ref on input line 85.
LaTeX Info: Redefining \pageref on input line 85.
LaTeX Info: Redefining \nameref on input line 85.

(./jasa2.out) (./jasa2.out)
\@outlinefile=\write3
\openout3 = `jasa2.out'.


(/usr/local/texlive/2015/texmf-dist/tex/context/base/supp-pdf.mkii
[Loading MPS to PDF converter (version 2006.09.02).]
\scratchcounter=\count119
\scratchdimen=\dimen132
\scratchbox=\box37
\nofMPsegments=\count120
\nofMParguments=\count121
\everyMPshowfont=\toks27
\MPscratchCnt=\count122
\MPscratchDim=\dimen133
\MPnumerator=\count123
\makeMPintoPDFobject=\count124
\everyMPtoPDFconversion=\toks28
)
Package caption Info: Begin \AtBeginDocument code.
Package caption Info: End \AtBeginDocument code.
LaTeX Font Info:    Try loading font information for U+msa on input line 113.
 (/usr/local/texlive/2015/texmf-dist/tex/latex/amsfonts/umsa.fd
File: umsa.fd 2013/01/14 v3.01 AMS symbols A
)
LaTeX Font Info:    Try loading font information for U+msb on input line 113.

(/usr/local/texlive/2015/texmf-dist/tex/latex/amsfonts/umsb.fd
File: umsb.fd 2013/01/14 v3.01 AMS symbols B
)
LaTeX Font Info:    Try loading font information for OMS+cmr on input line 113.


(/usr/local/texlive/2015/texmf-dist/tex/latex/base/omscmr.fd
File: omscmr.fd 2014/09/29 v2.5h Standard LaTeX font definitions
)
LaTeX Font Info:    Font shape `OMS/cmr/m/n' in size <10> not available
(Font)              Font shape `OMS/cmsy/m/n' tried instead on input line 113.
LaTeX Font Info:    Font shape `OMS/cmr/m/n' in size <7> not available
(Font)              Font shape `OMS/cmsy/m/n' tried instead on input line 113.
 [1

{/usr/local/texlive/2015/texmf-var/fonts/map/pdftex/updmap/pdftex.map}] [2] [3]
 [4]
LaTeX Font Info:    Font shape `OMS/cmr/m/n' in size <12> not available
(Font)              Font shape `OMS/cmsy/m/n' tried instead on input line 366.
 [5]
<figures/CompareOthers3.pdf, id=282, 734.11104pt x 436.78973pt>
File: figures/CompareOthers3.pdf Graphic file (type pdf)

<use figures/CompareOthers3.pdf>
Package pdftex.def Info: figures/CompareOthers3.pdf used on input line 396.
(pdftex.def)             Requested size: 231.135pt x 137.52284pt.
LaTeX Font Info:    Font shape `OMS/cmr/m/it' in size <12> not available
(Font)              Font shape `OMS/cmsy/m/n' tried instead on input line 397.
 [6] [7 <./figures/CompareOthers3.pdf>]
[8] [9] [10] <figures/KroupaChabrier.pdf, id=562, 1589.94pt x 722.7pt>
File: figures/KroupaChabrier.pdf Graphic file (type pdf)

<use figures/KroupaChabrier.pdf>
Package pdftex.def Info: figures/KroupaChabrier.pdf used on input line 510.
(pdftex.def)             Requested size: 392.93231pt x 178.60138pt.

<figures/kc_k.pdf, id=577, 665.64474pt x 445.03104pt>
File: figures/kc_k.pdf Graphic file (type pdf)
 <use figures/kc_k.pdf>
Package pdftex.def Info: figures/kc_k.pdf used on input line 524.
(pdftex.def)             Requested size: 140.53284pt x 93.95499pt.

<figures/kc_alpha.pdf, id=578, 665.64474pt x 445.03104pt>
File: figures/kc_alpha.pdf Graphic file (type pdf)

<use figures/kc_alpha.pdf>
Package pdftex.def Info: figures/kc_alpha.pdf used on input line 529.
(pdftex.def)             Requested size: 140.53284pt x 93.95499pt.

<figures/kc_gamma.pdf, id=579, 665.64474pt x 445.03104pt>
File: figures/kc_gamma.pdf Graphic file (type pdf)

<use figures/kc_gamma.pdf>
Package pdftex.def Info: figures/kc_gamma.pdf used on input line 534.
(pdftex.def)             Requested size: 140.53284pt x 93.95499pt.

Underfull \hbox (badness 10000) in paragraph at lines 522--569

 []

[11 <./figures/KroupaChabrier.pdf>] [12 <./figures/kc_k.pdf> <./figures/kc_alph
a.pdf> <./figures/kc_gamma.pdf>]
LaTeX Font Info:    Try loading font information for U+bbm on input line 614.

(/usr/local/texlive/2015/texmf-dist/tex/latex/bbm-macros/ubbm.fd
File: ubbm.fd 1999/03/15 V 1.2 Font definition for bbm font - TH
) [13] [14]
[15] <figures/sim_study_true_imf.pdf, id=1043, 1011.78pt x 867.24pt>
File: figures/sim_study_true_imf.pdf Graphic file (type pdf)

<use figures/sim_study_true_imf.pdf>
Package pdftex.def Info: figures/sim_study_true_imf.pdf used on input line 721.

(pdftex.def)             Requested size: 177.51076pt x 152.15303pt.
 [16]
<figures/marg_k.pdf, id=1059, 970.67232pt x 837.40373pt>
File: figures/marg_k.pdf Graphic file (type pdf)

<use figures/marg_k.pdf>
Package pdftex.def Info: figures/marg_k.pdf used on input line 793.
(pdftex.def)             Requested size: 221.88762pt x 191.42325pt.

<figures/marg_alpha.pdf, id=1060, 970.67232pt x 837.40373pt>
File: figures/marg_alpha.pdf Graphic file (type pdf)

<use figures/marg_alpha.pdf>
Package pdftex.def Info: figures/marg_alpha.pdf used on input line 798.
(pdftex.def)             Requested size: 221.88762pt x 191.42325pt.

<figures/marg_gamma.pdf, id=1061, 970.67232pt x 837.40373pt>
File: figures/marg_gamma.pdf Graphic file (type pdf)

<use figures/marg_gamma.pdf>
Package pdftex.def Info: figures/marg_gamma.pdf used on input line 803.
(pdftex.def)             Requested size: 221.88762pt x 191.42325pt.

<figures/marg_mtot.pdf, id=1062, 970.67232pt x 837.40373pt>
File: figures/marg_mtot.pdf Graphic file (type pdf)

<use figures/marg_mtot.pdf>
Package pdftex.def Info: figures/marg_mtot.pdf used on input line 808.
(pdftex.def)             Requested size: 221.88762pt x 191.42325pt.

<figures/joint_k_alpha.pdf, id=1065, 970.67232pt x 837.40373pt>
File: figures/joint_k_alpha.pdf Graphic file (type pdf)

<use figures/joint_k_alpha.pdf>
Package pdftex.def Info: figures/joint_k_alpha.pdf used on input line 822.
(pdftex.def)             Requested size: 147.92978pt x 127.61124pt.

<figures/joint_k_gamma.pdf, id=1066, 970.67232pt x 837.40373pt>
File: figures/joint_k_gamma.pdf Graphic file (type pdf)

<use figures/joint_k_gamma.pdf>
Package pdftex.def Info: figures/joint_k_gamma.pdf used on input line 827.
(pdftex.def)             Requested size: 147.92978pt x 127.61124pt.

<figures/joint_alpha_gamma.pdf, id=1067, 970.67232pt x 837.40373pt>
File: figures/joint_alpha_gamma.pdf Graphic file (type pdf)

<use figures/joint_alpha_gamma.pdf>
Package pdftex.def Info: figures/joint_alpha_gamma.pdf used on input line 832.
(pdftex.def)             Requested size: 147.92978pt x 127.61124pt.

<figures/sim_study_imf_combined.pdf, id=1070, 1072.77888pt x 868.56606pt>
File: figures/sim_study_imf_combined.pdf Graphic file (type pdf)

<use figures/sim_study_imf_combined.pdf>
Package pdftex.def Info: figures/sim_study_imf_combined.pdf used on input line 
845.
(pdftex.def)             Requested size: 231.135pt x 187.13565pt.
 [17] [18 <./figures/marg_k.pdf> <./figures/marg_alpha.pdf> <./figures/marg_gam
ma.pdf> <./figures/marg_mtot.pdf>]
[19 <./figures/joint_k_alpha.pdf> <./figures/joint_k_gamma.pdf> <./figures/join
t_alpha_gamma.pdf> <./figures/sim_study_imf_combined.pdf>]
<figures/bate_imf.pdf, id=2046, 867.24pt x 722.7pt>
File: figures/bate_imf.pdf Graphic file (type pdf)
 <use figures/bate_imf.pdf>
Package pdftex.def Info: figures/bate_imf.pdf used on input line 912.
(pdftex.def)             Requested size: 231.135pt x 192.60631pt.

<figures/bate_marginal_k.pdf, id=2055, 559.77551pt x 420.30705pt>
File: figures/bate_marginal_k.pdf Graphic file (type pdf)

<use figures/bate_marginal_k.pdf>
Package pdftex.def Info: figures/bate_marginal_k.pdf used on input line 923.
(pdftex.def)             Requested size: 140.53284pt x 105.51901pt.

<figures/bate_marginal_alpha.pdf, id=2056, 559.77551pt x 420.30705pt>
File: figures/bate_marginal_alpha.pdf Graphic file (type pdf)

<use figures/bate_marginal_alpha.pdf>
Package pdftex.def Info: figures/bate_marginal_alpha.pdf used on input line 928
.
(pdftex.def)             Requested size: 140.53284pt x 105.51901pt.

<figures/bate_marginal_gamma.pdf, id=2057, 559.77551pt x 420.30705pt>
File: figures/bate_marginal_gamma.pdf Graphic file (type pdf)

<use figures/bate_marginal_gamma.pdf>
Package pdftex.def Info: figures/bate_marginal_gamma.pdf used on input line 933
.
(pdftex.def)             Requested size: 140.53284pt x 105.51901pt.

<figures/bate_joint_k_alpha.pdf, id=2062, 583.86552pt x 441.22731pt>
File: figures/bate_joint_k_alpha.pdf Graphic file (type pdf)

<use figures/bate_joint_k_alpha.pdf>
Package pdftex.def Info: figures/bate_joint_k_alpha.pdf used on input line 947.

(pdftex.def)             Requested size: 147.92978pt x 111.78772pt.

<figures/bate_joint_k_gamma.pdf, id=2063, 583.86552pt x 441.22731pt>
File: figures/bate_joint_k_gamma.pdf Graphic file (type pdf)

<use figures/bate_joint_k_gamma.pdf>
Package pdftex.def Info: figures/bate_joint_k_gamma.pdf used on input line 952.

(pdftex.def)             Requested size: 147.92978pt x 111.78772pt.

<figures/bate_joint_alpha_gamma.pdf, id=2064, 583.86552pt x 441.22731pt>
File: figures/bate_joint_alpha_gamma.pdf Graphic file (type pdf)

<use figures/bate_joint_alpha_gamma.pdf>
Package pdftex.def Info: figures/bate_joint_alpha_gamma.pdf used on input line 
957.
(pdftex.def)             Requested size: 147.92978pt x 111.78772pt.

<figures/bate_pred_imf.pdf, id=2073, 1105.26721pt x 826.13232pt>
File: figures/bate_pred_imf.pdf Graphic file (type pdf)

<use figures/bate_pred_imf.pdf>
Package pdftex.def Info: figures/bate_pred_imf.pdf used on input line 972.
(pdftex.def)             Requested size: 231.135pt x 172.76176pt.
 [20] [21 <./figures/bate_imf.pdf> <./figures/bate_marginal_k.pdf> <./figures/b
ate_marginal_alpha.pdf> <./figures/bate_marginal_gamma.pdf>] [22 <./figures/bat
e_joint_k_alpha.pdf> <./figures/bate_joint_k_gamma.pdf> <./figures/bate_joint_a
lpha_gamma.pdf> <./figures/bate_pred_imf.pdf>]
[23] <figures/sim_basic_imf_mf_log10.pdf, id=2693, 638.385pt x 433.62pt>
File: figures/sim_basic_imf_mf_log10.pdf Graphic file (type pdf)

<use figures/sim_basic_imf_mf_log10.pdf>
Package pdftex.def Info: figures/sim_basic_imf_mf_log10.pdf used on input line 
1021.
(pdftex.def)             Requested size: 231.135pt x 156.9963pt.
 [24]
<figures/basic_1_1000_alpha.png, id=2702, 1027.84pt x 1027.84pt>
File: figures/basic_1_1000_alpha.png Graphic file (type png)

<use figures/basic_1_1000_alpha.png>
Package pdftex.def Info: figures/basic_1_1000_alpha.png used on input line 1042
.
(pdftex.def)             Requested size: 147.92978pt x 147.92729pt.

<figures/basic_1_1000_predictive_imf.png, id=2704, 1027.84pt x 1027.84pt>
File: figures/basic_1_1000_predictive_imf.png Graphic file (type png)

<use figures/basic_1_1000_predictive_imf.png>
Package pdftex.def Info: figures/basic_1_1000_predictive_imf.png used on input 
line 1047.
(pdftex.def)             Requested size: 147.92978pt x 147.92729pt.

<figures/basic_1_1000_predictive_mf.png, id=2705, 1027.84pt x 1027.84pt>
File: figures/basic_1_1000_predictive_mf.png Graphic file (type png)

<use figures/basic_1_1000_predictive_mf.png>
Package pdftex.def Info: figures/basic_1_1000_predictive_mf.png used on input l
ine 1052.
(pdftex.def)             Requested size: 147.92978pt x 147.92729pt.
 [25 <./figures/sim_basic_imf_mf_log10.pdf>] [26 <./figures/basic_1_1000_alpha.
png> <./figures/basic_1_1000_predictive_imf.png> <./figures/basic_1_1000_predic
tive_mf.png>] (./jasa2.bbl [27]
[28] [29] [30] [31] [32])
Package atveryend Info: Empty hook `BeforeClearDocument' on input line 1091.
 [33] [34] [35 <./figures/sim_study_true_imf.pdf>]
Package atveryend Info: Empty hook `AfterLastShipout' on input line 1091.

(./jasa2.aux)
Package atveryend Info: Executing hook `AtVeryEndDocument' on input line 1091.
Package atveryend Info: Executing hook `AtEndAfterFileList' on input line 1091.

Package rerunfilecheck Info: File `jasa2.out' has not changed.
(rerunfilecheck)             Checksum: E62344DEF7C93F1AC837FC22D275F893;1128.
Package atveryend Info: Empty hook `AtVeryVeryEnd' on input line 1091.
 ) 
Here is how much of TeX's memory you used:
 9582 strings out of 493089
 143497 string characters out of 6134842
 272118 words of memory out of 5000000
 12768 multiletter control sequences out of 15000+600000
 24318 words of font info for 92 fonts, out of 8000000 for 9000
 1141 hyphenation exceptions out of 8191
 36i,18n,41p,1425b,539s stack positions out of 5000i,500n,10000p,200000b,80000s
 </Users/chadschafer/Library/texlive/2015/texmf-var/fonts/pk/ljfour/public/bb
m/bbm12.600pk></usr/local/texlive/2015/texmf-dist/fonts/type1/public/amsfonts/c
m/cmbx10.pfb></usr/local/texlive/2015/texmf-dist/fonts/type1/public/amsfonts/cm
/cmbx12.pfb></usr/local/texlive/2015/texmf-dist/fonts/type1/public/amsfonts/cm/
cmex10.pfb></usr/local/texlive/2015/texmf-dist/fonts/type1/public/amsfonts/cmex
tra/cmex8.pfb></usr/local/texlive/2015/texmf-dist/fonts/type1/public/amsfonts/c
m/cmmi10.pfb></usr/local/texlive/2015/texmf-dist/fonts/type1/public/amsfonts/cm
/cmmi12.pfb></usr/local/texlive/2015/texmf-dist/fonts/type1/public/amsfonts/cm/
cmmi6.pfb></usr/local/texlive/2015/texmf-dist/fonts/type1/public/amsfonts/cm/cm
mi8.pfb></usr/local/texlive/2015/texmf-dist/fonts/type1/public/amsfonts/cm/cmmi
b10.pfb></usr/local/texlive/2015/texmf-dist/fonts/type1/public/amsfonts/cm/cmr1
0.pfb></usr/local/texlive/2015/texmf-dist/fonts/type1/public/amsfonts/cm/cmr12.
pfb></usr/local/texlive/2015/texmf-dist/fonts/type1/public/amsfonts/cm/cmr6.pfb
></usr/local/texlive/2015/texmf-dist/fonts/type1/public/amsfonts/cm/cmr7.pfb></
usr/local/texlive/2015/texmf-dist/fonts/type1/public/amsfonts/cm/cmr8.pfb></usr
/local/texlive/2015/texmf-dist/fonts/type1/public/amsfonts/cm/cmsy10.pfb></usr/
local/texlive/2015/texmf-dist/fonts/type1/public/amsfonts/cm/cmsy6.pfb></usr/lo
cal/texlive/2015/texmf-dist/fonts/type1/public/amsfonts/cm/cmsy7.pfb></usr/loca
l/texlive/2015/texmf-dist/fonts/type1/public/amsfonts/cm/cmsy8.pfb></usr/local/
texlive/2015/texmf-dist/fonts/type1/public/amsfonts/cm/cmti10.pfb></usr/local/t
exlive/2015/texmf-dist/fonts/type1/public/amsfonts/cm/cmti12.pfb></usr/local/te
xlive/2015/texmf-dist/fonts/type1/public/amsfonts/cm/cmti8.pfb>
Output written on jasa2.pdf (35 pages, 4912791 bytes).
PDF statistics:
 3155 PDF objects out of 3580 (max. 8388607)
 2431 compressed objects within 25 object streams
 144 named destinations out of 1000 (max. 500000)
 259 words of extra memory for PDF output out of 10000 (max. 10000000)

