This is pdfTeX, Version 3.14159265-2.6-1.40.19 (TeX Live 2018) (preloaded format=pdflatex 2018.11.7)  14 MAR 2019 12:43
entering extended mode
 restricted \write18 enabled.
 file:line:error style messages enabled.
 %&-line parsing enabled.
**ejs1_r1.tex
(./ejs1_r1.tex
LaTeX2e <2018-04-01> patch level 2
Babel <3.18> and hyphenation patterns for 22 language(s) loaded.
(./imsart.cls
Document Class: imsart 2010/04/27 driver class for package imsart.sty
(/usr/local/texlive/2018basic/texmf-dist/tex/latex/base/article.cls
Document Class: article 2014/09/29 v1.4h Standard LaTeX document class
(/usr/local/texlive/2018basic/texmf-dist/tex/latex/base/size10.clo
File: size10.clo 2014/09/29 v1.4h Standard LaTeX file (size option)
)
\c@part=\count80
\c@section=\count81
\c@subsection=\count82
\c@subsubsection=\count83
\c@paragraph=\count84
\c@subparagraph=\count85
\c@figure=\count86
\c@table=\count87
\abovecaptionskip=\skip41
\belowcaptionskip=\skip42
\bibindent=\dimen102
)
(./imsart.sty
File: imsart.sty 2014/10/16IMS article style (VS)

No file imsart.cnf.
\c@firstpage=\count88
\c@lastpage=\count89
\c@thanks=\count90
\c@addressref=\count91
(/usr/local/texlive/2018basic/texmf-dist/tex/latex/graphics/keyval.sty
Package: keyval 2014/10/28 v1.15 key=value parser (DPC)
\KV@toks@=\toks14
)
\c@emailref=\count92
\c@author=\count93
\c@address=\count94
\sv@mathsurround=\dimen103
\sv@parindent=\dimen104
\fm@box=\box26
\fm@size=\dimen105
\t@xtheight=\dimen106
\abstract@box=\box27
\keyword@box=\box28
\pre@kwd@depth=\dimen107
\authors@list=\toks15
\keywords@list=\toks16

No file imsart-ejs.cnf.
)) (/usr/local/texlive/2018basic/texmf-dist/tex/latex/base/fontenc.sty
Package: fontenc 2017/04/05 v2.0i Standard LaTeX package

(/usr/local/texlive/2018basic/texmf-dist/tex/latex/base/ot1enc.def
File: ot1enc.def 2017/04/05 v2.0i Standard LaTeX file
LaTeX Font Info:    Redeclaring font encoding OT1 on input line 48.
))
(/usr/local/texlive/2018basic/texmf-dist/tex/latex/amscls/amsthm.sty
Package: amsthm 2017/10/31 v2.20.4
\thm@style=\toks17
\thm@bodyfont=\toks18
\thm@headfont=\toks19
\thm@notefont=\toks20
\thm@headpunct=\toks21
\thm@preskip=\skip43
\thm@postskip=\skip44
\thm@headsep=\skip45
\dth@everypar=\toks22
)
(/usr/local/texlive/2018basic/texmf-dist/tex/latex/amsmath/amsmath.sty
Package: amsmath 2017/09/02 v2.17a AMS math features
\@mathmargin=\skip46

For additional information on amsmath, use the `?' option.
(/usr/local/texlive/2018basic/texmf-dist/tex/latex/amsmath/amstext.sty
Package: amstext 2000/06/29 v2.01 AMS text

(/usr/local/texlive/2018basic/texmf-dist/tex/latex/amsmath/amsgen.sty
File: amsgen.sty 1999/11/30 v2.0 generic functions
\@emptytoks=\toks23
\ex@=\dimen108
))
(/usr/local/texlive/2018basic/texmf-dist/tex/latex/amsmath/amsbsy.sty
Package: amsbsy 1999/11/29 v1.2d Bold Symbols
\pmbraise@=\dimen109
)
(/usr/local/texlive/2018basic/texmf-dist/tex/latex/amsmath/amsopn.sty
Package: amsopn 2016/03/08 v2.02 operator names
)
\inf@bad=\count95
LaTeX Info: Redefining \frac on input line 213.
\uproot@=\count96
\leftroot@=\count97
LaTeX Info: Redefining \overline on input line 375.
\classnum@=\count98
\DOTSCASE@=\count99
LaTeX Info: Redefining \ldots on input line 472.
LaTeX Info: Redefining \dots on input line 475.
LaTeX Info: Redefining \cdots on input line 596.
\Mathstrutbox@=\box29
\strutbox@=\box30
\big@size=\dimen110
LaTeX Font Info:    Redeclaring font encoding OML on input line 712.
LaTeX Font Info:    Redeclaring font encoding OMS on input line 713.
\macc@depth=\count100
\c@MaxMatrixCols=\count101
\dotsspace@=\muskip10
\c@parentequation=\count102
\dspbrk@lvl=\count103
\tag@help=\toks24
\row@=\count104
\column@=\count105
\maxfields@=\count106
\andhelp@=\toks25
\eqnshift@=\dimen111
\alignsep@=\dimen112
\tagshift@=\dimen113
\tagwidth@=\dimen114
\totwidth@=\dimen115
\lineht@=\dimen116
\@envbody=\toks26
\multlinegap=\skip47
\multlinetaggap=\skip48
\mathdisplay@stack=\toks27
LaTeX Info: Redefining \[ on input line 2817.
LaTeX Info: Redefining \] on input line 2818.
)
(/usr/local/texlive/2018basic/texmf-dist/tex/latex/natbib/natbib.sty
Package: natbib 2010/09/13 8.31b (PWD, AO)
\bibhang=\skip49
\bibsep=\skip50
LaTeX Info: Redefining \cite on input line 694.
\c@NAT@ctr=\count107
)
(/usr/local/texlive/2018basic/texmf-dist/tex/latex/hyperref/hyperref.sty
Package: hyperref 2018/02/06 v6.86b Hypertext links for LaTeX

(/usr/local/texlive/2018basic/texmf-dist/tex/generic/oberdiek/hobsub-hyperref.s
ty
Package: hobsub-hyperref 2016/05/16 v1.14 Bundle oberdiek, subset hyperref (HO)


(/usr/local/texlive/2018basic/texmf-dist/tex/generic/oberdiek/hobsub-generic.st
y
Package: hobsub-generic 2016/05/16 v1.14 Bundle oberdiek, subset generic (HO)
Package: hobsub 2016/05/16 v1.14 Construct package bundles (HO)
Package: infwarerr 2016/05/16 v1.4 Providing info/warning/error messages (HO)
Package: ltxcmds 2016/05/16 v1.23 LaTeX kernel commands for general use (HO)
Package: ifluatex 2016/05/16 v1.4 Provides the ifluatex switch (HO)
Package ifluatex Info: LuaTeX not detected.
Package: ifvtex 2016/05/16 v1.6 Detect VTeX and its facilities (HO)
Package ifvtex Info: VTeX not detected.
Package: intcalc 2016/05/16 v1.2 Expandable calculations with integers (HO)
Package: ifpdf 2017/03/15 v3.2 Provides the ifpdf switch
Package: etexcmds 2016/05/16 v1.6 Avoid name clashes with e-TeX commands (HO)
Package etexcmds Info: Could not find \expanded.
(etexcmds)             That can mean that you are not using pdfTeX 1.50 or
(etexcmds)             that some package has redefined \expanded.
(etexcmds)             In the latter case, load this package earlier.
Package: kvsetkeys 2016/05/16 v1.17 Key value parser (HO)
Package: kvdefinekeys 2016/05/16 v1.4 Define keys (HO)
Package: pdftexcmds 2018/01/30 v0.27 Utility functions of pdfTeX for LuaTeX (HO
)
Package pdftexcmds Info: LuaTeX not detected.
Package pdftexcmds Info: \pdf@primitive is available.
Package pdftexcmds Info: \pdf@ifprimitive is available.
Package pdftexcmds Info: \pdfdraftmode found.
Package: pdfescape 2016/05/16 v1.14 Implements pdfTeX's escape features (HO)
Package: bigintcalc 2016/05/16 v1.4 Expandable calculations on big integers (HO
)
Package: bitset 2016/05/16 v1.2 Handle bit-vector datatype (HO)
Package: uniquecounter 2016/05/16 v1.3 Provide unlimited unique counter (HO)
)
Package hobsub Info: Skipping package `hobsub' (already loaded).
Package: letltxmacro 2016/05/16 v1.5 Let assignment for LaTeX macros (HO)
Package: hopatch 2016/05/16 v1.3 Wrapper for package hooks (HO)
Package: xcolor-patch 2016/05/16 xcolor patch
Package: atveryend 2016/05/16 v1.9 Hooks at the very end of document (HO)
Package atveryend Info: \enddocument detected (standard20110627).
Package: atbegshi 2016/06/09 v1.18 At begin shipout hook (HO)
Package: refcount 2016/05/16 v3.5 Data extraction from label references (HO)
Package: hycolor 2016/05/16 v1.8 Color options for hyperref/bookmark (HO)
) (/usr/local/texlive/2018basic/texmf-dist/tex/generic/ifxetex/ifxetex.sty
Package: ifxetex 2010/09/12 v0.6 Provides ifxetex conditional
)
(/usr/local/texlive/2018basic/texmf-dist/tex/latex/oberdiek/auxhook.sty
Package: auxhook 2016/05/16 v1.4 Hooks for auxiliary files (HO)
)
(/usr/local/texlive/2018basic/texmf-dist/tex/latex/oberdiek/kvoptions.sty
Package: kvoptions 2016/05/16 v3.12 Key value format for package options (HO)
)
\@linkdim=\dimen117
\Hy@linkcounter=\count108
\Hy@pagecounter=\count109

(/usr/local/texlive/2018basic/texmf-dist/tex/latex/hyperref/pd1enc.def
File: pd1enc.def 2018/02/06 v6.86b Hyperref: PDFDocEncoding definition (HO)
Now handling font encoding PD1 ...
... no UTF-8 mapping file for font encoding PD1
)
\Hy@SavedSpaceFactor=\count110

(/usr/local/texlive/2018basic/texmf-dist/tex/latex/latexconfig/hyperref.cfg
File: hyperref.cfg 2002/06/06 v1.2 hyperref configuration of TeXLive
)
Package hyperref Info: Option `colorlinks' set `true' on input line 4383.


Package hyperref Warning: Option `pagecolor' is not available anymore.

Package hyperref Info: Option `linktocpage' set `true' on input line 4383.
Package hyperref Info: Option `colorlinks' set `true' on input line 4383.
Package hyperref Info: Hyper figures OFF on input line 4509.
Package hyperref Info: Link nesting OFF on input line 4514.
Package hyperref Info: Hyper index ON on input line 4517.
Package hyperref Info: Plain pages OFF on input line 4524.
Package hyperref Info: Backreferencing OFF on input line 4529.
Package hyperref Info: Implicit mode ON; LaTeX internals redefined.
Package hyperref Info: Bookmarks ON on input line 4762.
\c@Hy@tempcnt=\count111
(/usr/local/texlive/2018basic/texmf-dist/tex/latex/url/url.sty
\Urlmuskip=\muskip11
Package: url 2013/09/16  ver 3.4  Verb mode for urls, etc.
)
LaTeX Info: Redefining \url on input line 5115.
\XeTeXLinkMargin=\dimen118
\Fld@menulength=\count112
\Field@Width=\dimen119
\Fld@charsize=\dimen120
Package hyperref Info: Hyper figures OFF on input line 6369.
Package hyperref Info: Link nesting OFF on input line 6374.
Package hyperref Info: Hyper index ON on input line 6377.
Package hyperref Info: backreferencing OFF on input line 6384.
Package hyperref Info: Link coloring ON on input line 6387.
Package hyperref Info: Link coloring with OCG OFF on input line 6394.
Package hyperref Info: PDF/A mode OFF on input line 6399.
LaTeX Info: Redefining \ref on input line 6439.
LaTeX Info: Redefining \pageref on input line 6443.
\Hy@abspage=\count113
\c@Item=\count114
\c@Hfootnote=\count115
)
Package hyperref Info: Driver (autodetected): hpdftex.

(/usr/local/texlive/2018basic/texmf-dist/tex/latex/hyperref/hpdftex.def
File: hpdftex.def 2018/02/06 v6.86b Hyperref driver for pdfTeX
\Fld@listcount=\count116
\c@bookmark@seq@number=\count117

(/usr/local/texlive/2018basic/texmf-dist/tex/latex/oberdiek/rerunfilecheck.sty
Package: rerunfilecheck 2016/05/16 v1.8 Rerun checks for auxiliary files (HO)
Package uniquecounter Info: New unique counter `rerunfilecheck' on input line 2
82.
)
\Hy@SectionHShift=\skip51
)
\c@thm=\count118
 (/usr/local/texlive/2018basic/texmf-dist/tex/latex/base/fontenc.sty
Package: fontenc 2017/04/05 v2.0i Standard LaTeX package

(/usr/local/texlive/2018basic/texmf-dist/tex/latex/base/ot1enc.def
File: ot1enc.def 2017/04/05 v2.0i Standard LaTeX file
LaTeX Font Info:    Redeclaring font encoding OT1 on input line 48.
))
(/usr/local/texlive/2018basic/texmf-dist/tex/latex/tools/enumerate.sty
Package: enumerate 2015/07/23 v3.00 enumerate extensions (DPC)
\@enLab=\toks28
)
(/usr/local/texlive/2018basic/texmf-dist/tex/latex/graphics/graphicx.sty
Package: graphicx 2017/06/01 v1.1a Enhanced LaTeX Graphics (DPC,SPQR)

(/usr/local/texlive/2018basic/texmf-dist/tex/latex/graphics/graphics.sty
Package: graphics 2017/06/25 v1.2c Standard LaTeX Graphics (DPC,SPQR)

(/usr/local/texlive/2018basic/texmf-dist/tex/latex/graphics/trig.sty
Package: trig 2016/01/03 v1.10 sin cos tan (DPC)
)
(/usr/local/texlive/2018basic/texmf-dist/tex/latex/graphics-cfg/graphics.cfg
File: graphics.cfg 2016/06/04 v1.11 sample graphics configuration
)
Package graphics Info: Driver file: pdftex.def on input line 99.

(/usr/local/texlive/2018basic/texmf-dist/tex/latex/graphics-def/pdftex.def
File: pdftex.def 2018/01/08 v1.0l Graphics/color driver for pdftex
))
\Gin@req@height=\dimen121
\Gin@req@width=\dimen122
)
(/usr/local/texlive/2018basic/texmf-dist/tex/latex/amsfonts/amsfonts.sty
Package: amsfonts 2013/01/14 v3.01 Basic AMSFonts support
\symAMSa=\mathgroup4
\symAMSb=\mathgroup5
LaTeX Font Info:    Overwriting math alphabet `\mathfrak' in version `bold'
(Font)                  U/euf/m/n --> U/euf/b/n on input line 106.
)
(/usr/local/texlive/2018basic/texmf-dist/tex/latex/tools/bm.sty
Package: bm 2017/01/16 v1.2c Bold Symbol Support (DPC/FMi)
\symboldoperators=\mathgroup6
\symboldletters=\mathgroup7
\symboldsymbols=\mathgroup8
LaTeX Font Info:    Redeclaring math alphabet \mathbf on input line 141.
LaTeX Info: Redefining \bm on input line 207.
)
(/usr/local/texlive/2018basic/texmf-dist/tex/latex/bbm-macros/bbm.sty
Package: bbm 1999/03/15 V 1.2 provides fonts for set symbols - TH
LaTeX Font Info:    Overwriting math alphabet `\mathbbm' in version `bold'
(Font)                  U/bbm/m/n --> U/bbm/bx/n on input line 33.
LaTeX Font Info:    Overwriting math alphabet `\mathbbmss' in version `bold'
(Font)                  U/bbmss/m/n --> U/bbmss/bx/n on input line 35.
)
(/usr/local/texlive/2018basic/texmf-dist/tex/latex/algorithm2e/algorithm2e.sty
Package: algorithm2e 2017/07/18 v5.2 algorithms environments
\c@AlgoLine=\count119

(/usr/local/texlive/2018basic/texmf-dist/tex/latex/base/ifthen.sty
Package: ifthen 2014/09/29 v1.1c Standard LaTeX ifthen package (DPC)
)
\algocf@hangindent=\skip52

(/usr/local/texlive/2018basic/texmf-dist/tex/latex/ifoddpage/ifoddpage.sty
Package: ifoddpage 2016/04/23 v1.1 Conditionals for odd/even page detection
\c@checkoddpage=\count120
)
(/usr/local/texlive/2018basic/texmf-dist/tex/latex/tools/xspace.sty
Package: xspace 2014/10/28 v1.13 Space after command names (DPC,MH)
)
(/usr/local/texlive/2018basic/texmf-dist/tex/latex/relsize/relsize.sty
Package: relsize 2013/03/29 ver 4.1
)
\skiptotal=\skip53
\skiplinenumber=\skip54
\skiprule=\skip55
\skiphlne=\skip56
\skiptext=\skip57
\skiplength=\skip58
\algomargin=\skip59
\skipalgocfslide=\skip60
\algowidth=\dimen123
\inoutsize=\dimen124
\inoutindent=\dimen125
\interspacetitleruled=\dimen126
\interspacealgoruled=\dimen127
\interspacetitleboxruled=\dimen128
\algocf@ruledwidth=\skip61
\algocf@inoutbox=\box31
\algocf@inputbox=\box32
\AlCapSkip=\skip62
\AlCapHSkip=\skip63
\algoskipindent=\skip64
\algocf@nlbox=\box33
\algocf@hangingbox=\box34
\algocf@untilbox=\box35
\algocf@skipuntil=\skip65
\algocf@capbox=\box36
\algocf@lcaptionbox=\skip66
\algoheightruledefault=\skip67
\algoheightrule=\skip68
\algotitleheightruledefault=\skip69
\algotitleheightrule=\skip70
\c@algocfline=\count121
\c@algocfproc=\count122
\c@algocf=\count123
\algocf@algoframe=\box37
\algocf@algobox=\box38
)
(/usr/local/texlive/2018basic/texmf-dist/tex/latex/oberdiek/epstopdf.sty
Package: epstopdf 2016/05/15 v2.6 Conversion with epstopdf on the fly (HO)

(/usr/local/texlive/2018basic/texmf-dist/tex/latex/oberdiek/epstopdf-base.sty
Package: epstopdf-base 2016/05/15 v2.6 Base part for package epstopdf

(/usr/local/texlive/2018basic/texmf-dist/tex/latex/oberdiek/grfext.sty
Package: grfext 2016/05/16 v1.2 Manage graphics extensions (HO)
)
Package epstopdf-base Info: Redefining graphics rule for `.eps' on input line 4
38.
Package grfext Info: Graphics extension search list:
(grfext)             [.pdf,.png,.jpg,.mps,.jpeg,.jbig2,.jb2,.PDF,.PNG,.JPG,.JPE
G,.JBIG2,.JB2,.eps]
(grfext)             \AppendGraphicsExtensions on input line 456.

(/usr/local/texlive/2018basic/texmf-dist/tex/latex/latexconfig/epstopdf-sys.cfg
File: epstopdf-sys.cfg 2010/07/13 v1.3 Configuration of (r)epstopdf for TeX Liv
e
))) (/usr/local/texlive/2018basic/texmf-dist/tex/latex/caption/caption.sty
Package: caption 2016/02/21 v3.3-144 Customizing captions (AR)

(/usr/local/texlive/2018basic/texmf-dist/tex/latex/caption/caption3.sty
Package: caption3 2016/05/22 v1.7-166 caption3 kernel (AR)
Package caption3 Info: TeX engine: e-TeX on input line 67.
\captionmargin=\dimen129
\captionmargin@=\dimen130
\captionwidth=\dimen131
\caption@tempdima=\dimen132
\caption@indent=\dimen133
\caption@parindent=\dimen134
\caption@hangindent=\dimen135
Package caption Info: Unknown document class (or package),
(caption)             standard defaults will be used.
)

Package caption Warning: Unsupported document class (or package) detected,
(caption)                usage of the caption package is not recommended.
See the caption package documentation for explanation.

Package caption Info: \@makecaption = \long macro:#1#2->\vskip \abovecaptionski
p \figurecaption@size \sbox \@tempboxa {{\figurename@size #1}\figurename@skip #
2}\ifdim \wd \@tempboxa >\hsize {\figurename@size #1}\figurename@skip #2\par \e
lse \global \@minipagefalse \hb@xt@ \hsize {\hfil \box \@tempboxa \hfil }\fi \v
skip \belowcaptionskip .
\c@ContinuedFloat=\count124
Package caption Info: hyperref package is loaded.
) (/usr/local/texlive/2018basic/texmf-dist/tex/latex/caption/subcaption.sty
Package: subcaption 2016/05/22 v1.1-161 Sub-captions (AR)
\c@subfigure=\count125
\c@subtable=\count126
)
(/usr/local/texlive/2018basic/texmf-dist/tex/latex/graphics/color.sty
Package: color 2016/07/10 v1.1e Standard LaTeX Color (DPC)

(/usr/local/texlive/2018basic/texmf-dist/tex/latex/graphics-cfg/color.cfg
File: color.cfg 2016/01/02 v1.6 sample color configuration
)
Package color Info: Driver file: pdftex.def on input line 147.
)
(/usr/local/texlive/2018basic/texmf-dist/tex/latex/soul/soul.sty
Package: soul 2003/11/17 v2.4 letterspacing/underlining (mf)
\SOUL@word=\toks29
\SOUL@lasttoken=\toks30
\SOUL@cmds=\toks31
\SOUL@buffer=\toks32
\SOUL@token=\toks33
\SOUL@spaceskip=\skip71
\SOUL@ttwidth=\dimen136
\SOUL@uldp=\dimen137
\SOUL@ulht=\dimen138
)
(/usr/local/texlive/2018basic/texmf-dist/tex/latex/multirow/multirow.sty
Package: multirow 2018/08/03 v2.3 Span multiple rows of a table
\multirow@colwidth=\skip72
\multirow@cntb=\count127
\multirow@dima=\skip73
\bigstrutjot=\dimen139
)
(./ejs1_r1.aux)
\openout1 = `ejs1_r1.aux'.

LaTeX Font Info:    Checking defaults for OML/cmm/m/it on input line 93.
LaTeX Font Info:    ... okay on input line 93.
LaTeX Font Info:    Checking defaults for T1/cmr/m/n on input line 93.
LaTeX Font Info:    ... okay on input line 93.
LaTeX Font Info:    Checking defaults for OT1/cmr/m/n on input line 93.
LaTeX Font Info:    ... okay on input line 93.
LaTeX Font Info:    Checking defaults for OMS/cmsy/m/n on input line 93.
LaTeX Font Info:    ... okay on input line 93.
LaTeX Font Info:    Checking defaults for OMX/cmex/m/n on input line 93.
LaTeX Font Info:    ... okay on input line 93.
LaTeX Font Info:    Checking defaults for U/cmr/m/n on input line 93.
LaTeX Font Info:    ... okay on input line 93.
LaTeX Font Info:    Checking defaults for PD1/pdf/m/n on input line 93.
LaTeX Font Info:    ... okay on input line 93.
\AtBeginShipoutBox=\box39
Package hyperref Info: Link coloring ON on input line 93.

(/usr/local/texlive/2018basic/texmf-dist/tex/latex/hyperref/nameref.sty
Package: nameref 2016/05/21 v2.44 Cross-referencing by name of section

(/usr/local/texlive/2018basic/texmf-dist/tex/generic/oberdiek/gettitlestring.st
y
Package: gettitlestring 2016/05/16 v1.5 Cleanup title references (HO)
)
\c@section@level=\count128
)
LaTeX Info: Redefining \ref on input line 93.
LaTeX Info: Redefining \pageref on input line 93.
LaTeX Info: Redefining \nameref on input line 93.
 (./ejs1_r1.out) (./ejs1_r1.out)
\@outlinefile=\write3
\openout3 = `ejs1_r1.out'.


(/usr/local/texlive/2018basic/texmf-dist/tex/context/base/mkii/supp-pdf.mkii
[Loading MPS to PDF converter (version 2006.09.02).]
\scratchcounter=\count129
\scratchdimen=\dimen140
\scratchbox=\box40
\nofMPsegments=\count130
\nofMParguments=\count131
\everyMPshowfont=\toks34
\MPscratchCnt=\count132
\MPscratchDim=\dimen141
\MPnumerator=\count133
\makeMPintoPDFobject=\count134
\everyMPtoPDFconversion=\toks35
)
Package caption Info: Begin \AtBeginDocument code.
Package caption Info: End \AtBeginDocument code.
LaTeX Font Info:    Try loading font information for U+msa on input line 102.
 (/usr/local/texlive/2018basic/texmf-dist/tex/latex/amsfonts/umsa.fd
File: umsa.fd 2013/01/14 v3.01 AMS symbols A
)
LaTeX Font Info:    Try loading font information for U+msb on input line 102.

(/usr/local/texlive/2018basic/texmf-dist/tex/latex/amsfonts/umsb.fd
File: umsb.fd 2013/01/14 v3.01 AMS symbols B
)
(./ejs1_r1.toc)
\tf@toc=\write4
\openout4 = `ejs1_r1.toc'.

 [1{/usr/local/texlive/2018basic/texmf-var/fonts/map/pdftex/updmap/pdftex.map}

] [2] [3] [4]
LaTeX Font Info:    Try loading font information for OMS+cmr on input line 330.


(/usr/local/texlive/2018basic/texmf-dist/tex/latex/base/omscmr.fd
File: omscmr.fd 2014/09/29 v2.5h Standard LaTeX font definitions
)
LaTeX Font Info:    Font shape `OMS/cmr/m/n' in size <10> not available
(Font)              Font shape `OMS/cmsy/m/n' tried instead on input line 330.
<../../abcIMF/figures/CompareOthers3.pdf, id=309, 734.11104pt x 436.78973pt>
File: ../../abcIMF/figures/CompareOthers3.pdf Graphic file (type pdf)
<use ../../abcIMF/figures/CompareOthers3.pdf>
Package pdftex.def Info: ../../abcIMF/figures/CompareOthers3.pdf  used on input
 line 358.
(pdftex.def)             Requested size: 172.5pt x 102.63226pt.
LaTeX Font Info:    Font shape `OMS/cmr/m/it' in size <10> not available
(Font)              Font shape `OMS/cmsy/m/n' tried instead on input line 359.
 [5] [6 <../../abcIMF/figures/CompareOthers3.pdf>] [7] [8]
<../../abcIMF/figures/kroupa_abc_imf.pdf, id=627, 980.47401pt x 806.73483pt>
File: ../../abcIMF/figures/kroupa_abc_imf.pdf Graphic file (type pdf)
<use ../../abcIMF/figures/kroupa_abc_imf.pdf>
Package pdftex.def Info: ../../abcIMF/figures/kroupa_abc_imf.pdf  used on input
 line 510.
(pdftex.def)             Requested size: 154.0424pt x 126.74135pt.
<../../abcIMF/figures/chabrier_abc_imf.pdf, id=632, 980.47401pt x 806.73483pt>
File: ../../abcIMF/figures/chabrier_abc_imf.pdf Graphic file (type pdf)
<use ../../abcIMF/figures/chabrier_abc_imf.pdf>
Package pdftex.def Info: ../../abcIMF/figures/chabrier_abc_imf.pdf  used on inp
ut line 515.
(pdftex.def)             Requested size: 154.0424pt x 126.74135pt.
<../../abcIMF/figures/kc_k.pdf, id=653, 665.64474pt x 445.03104pt>
File: ../../abcIMF/figures/kc_k.pdf Graphic file (type pdf)
<use ../../abcIMF/figures/kc_k.pdf>
Package pdftex.def Info: ../../abcIMF/figures/kc_k.pdf  used on input line 532.

(pdftex.def)             Requested size: 104.88205pt x 70.11992pt.
<../../abcIMF/figures/kc_alpha.pdf, id=654, 665.64474pt x 445.03104pt>
File: ../../abcIMF/figures/kc_alpha.pdf Graphic file (type pdf)
<use ../../abcIMF/figures/kc_alpha.pdf>
Package pdftex.def Info: ../../abcIMF/figures/kc_alpha.pdf  used on input line 
537.
(pdftex.def)             Requested size: 104.88205pt x 70.11992pt.
<../../abcIMF/figures/kc_gamma.pdf, id=655, 665.64474pt x 445.03104pt>
File: ../../abcIMF/figures/kc_gamma.pdf Graphic file (type pdf)
<use ../../abcIMF/figures/kc_gamma.pdf>
Package pdftex.def Info: ../../abcIMF/figures/kc_gamma.pdf  used on input line 
542.
(pdftex.def)             Requested size: 104.88205pt x 70.11992pt.
 [9] [10 <../../abcIMF/figures/kroupa_abc_imf.pdf> <../../abcIMF/figures/chabri
er_abc_imf.pdf> <../../abcIMF/figures/kc_k.pdf> <../../abcIMF/figures/kc_alpha.
pdf> <../../abcIMF/figures/kc_gamma.pdf>]
LaTeX Font Info:    Try loading font information for U+bbm on input line 623.
 (/usr/local/texlive/2018basic/texmf-dist/tex/latex/bbm-macros/ubbm.fd
File: ubbm.fd 1999/03/15 V 1.2 Font definition for bbm font - TH
)
[11] [12] [13]
<../../abcIMF/figures/sim_study_true_imf.pdf, id=1138, 1011.78pt x 867.24pt>
File: ../../abcIMF/figures/sim_study_true_imf.pdf Graphic file (type pdf)
<use ../../abcIMF/figures/sim_study_true_imf.pdf>
Package pdftex.def Info: ../../abcIMF/figures/sim_study_true_imf.pdf  used on i
nput line 738.
(pdftex.def)             Requested size: 125.57826pt x 107.63722pt.
 [14 <../../abcIMF/figures/sim_study_true_imf.pdf>]
<../../abcIMF/figures/marg_k.pdf, id=1357, 970.67232pt x 837.40373pt>
File: ../../abcIMF/figures/marg_k.pdf Graphic file (type pdf)
<use ../../abcIMF/figures/marg_k.pdf>
Package pdftex.def Info: ../../abcIMF/figures/marg_k.pdf  used on input line 81
2.
(pdftex.def)             Requested size: 165.59853pt x 142.85507pt.
<../../abcIMF/figures/marg_alpha.pdf, id=1358, 970.67232pt x 837.40373pt>
File: ../../abcIMF/figures/marg_alpha.pdf Graphic file (type pdf)
<use ../../abcIMF/figures/marg_alpha.pdf>
Package pdftex.def Info: ../../abcIMF/figures/marg_alpha.pdf  used on input lin
e 817.
(pdftex.def)             Requested size: 165.59853pt x 142.85507pt.
<../../abcIMF/figures/marg_gamma.pdf, id=1359, 970.67232pt x 837.40373pt>
File: ../../abcIMF/figures/marg_gamma.pdf Graphic file (type pdf)
<use ../../abcIMF/figures/marg_gamma.pdf>
Package pdftex.def Info: ../../abcIMF/figures/marg_gamma.pdf  used on input lin
e 822.
(pdftex.def)             Requested size: 165.59853pt x 142.85507pt.
<../../abcIMF/figures/marg_mtot.pdf, id=1360, 970.67232pt x 837.40373pt>
File: ../../abcIMF/figures/marg_mtot.pdf Graphic file (type pdf)
<use ../../abcIMF/figures/marg_mtot.pdf>
Package pdftex.def Info: ../../abcIMF/figures/marg_mtot.pdf  used on input line
 827.
(pdftex.def)             Requested size: 165.59853pt x 142.85507pt.
<../../abcIMF/figures/joint_k_alpha.pdf, id=1363, 970.67232pt x 837.40373pt>
File: ../../abcIMF/figures/joint_k_alpha.pdf Graphic file (type pdf)
<use ../../abcIMF/figures/joint_k_alpha.pdf>
Package pdftex.def Info: ../../abcIMF/figures/joint_k_alpha.pdf  used on input 
line 841.
(pdftex.def)             Requested size: 110.40253pt x 95.24524pt.
<../../abcIMF/figures/joint_k_gamma.pdf, id=1364, 970.67232pt x 837.40373pt>
File: ../../abcIMF/figures/joint_k_gamma.pdf Graphic file (type pdf)
<use ../../abcIMF/figures/joint_k_gamma.pdf>
Package pdftex.def Info: ../../abcIMF/figures/joint_k_gamma.pdf  used on input 
line 846.
(pdftex.def)             Requested size: 110.40253pt x 95.24524pt.
<../../abcIMF/figures/joint_alpha_gamma.pdf, id=1365, 970.67232pt x 837.40373pt
>
File: ../../abcIMF/figures/joint_alpha_gamma.pdf Graphic file (type pdf)
<use ../../abcIMF/figures/joint_alpha_gamma.pdf>
Package pdftex.def Info: ../../abcIMF/figures/joint_alpha_gamma.pdf  used on in
put line 851.
(pdftex.def)             Requested size: 110.40253pt x 95.24524pt.
<../../abcIMF/figures/sim_study_imf_combined.pdf, id=1368, 1072.77888pt x 868.5
6606pt>
File: ../../abcIMF/figures/sim_study_imf_combined.pdf Graphic file (type pdf)
<use ../../abcIMF/figures/sim_study_imf_combined.pdf>
Package pdftex.def Info: ../../abcIMF/figures/sim_study_imf_combined.pdf  used 
on input line 864.
(pdftex.def)             Requested size: 172.5pt x 139.66257pt.
 [15] [16 <../../abcIMF/figures/marg_k.pdf> <../../abcIMF/figures/marg_alpha.pd
f> <../../abcIMF/figures/marg_gamma.pdf> <../../abcIMF/figures/marg_mtot.pdf>] 
[17 <../../abcIMF/figures/joint_k_alpha.pdf> <../../abcIMF/figures/joint_k_gamm
a.pdf> <../../abcIMF/figures/joint_alpha_gamma.pdf> <../../abcIMF/figures/sim_s
tudy_imf_combined.pdf>]
<../../abcIMF/figures/marg_k_obs.pdf, id=2316, 1019.77287pt x 841.69339pt>
File: ../../abcIMF/figures/marg_k_obs.pdf Graphic file (type pdf)
<use ../../abcIMF/figures/marg_k_obs.pdf>
Package pdftex.def Info: ../../abcIMF/figures/marg_k_obs.pdf  used on input lin
e 906.
(pdftex.def)             Requested size: 165.59853pt x 136.67723pt.
<../../abcIMF/figures/marg_alpha_obs.pdf, id=2317, 1019.77287pt x 841.69339pt>
File: ../../abcIMF/figures/marg_alpha_obs.pdf Graphic file (type pdf)
<use ../../abcIMF/figures/marg_alpha_obs.pdf>
Package pdftex.def Info: ../../abcIMF/figures/marg_alpha_obs.pdf  used on input
 line 911.
(pdftex.def)             Requested size: 165.59853pt x 136.67723pt.
<../../abcIMF/figures/marg_gamma_obs.pdf, id=2318, 1019.77287pt x 841.69339pt>
File: ../../abcIMF/figures/marg_gamma_obs.pdf Graphic file (type pdf)
<use ../../abcIMF/figures/marg_gamma_obs.pdf>
Package pdftex.def Info: ../../abcIMF/figures/marg_gamma_obs.pdf  used on input
 line 916.
(pdftex.def)             Requested size: 165.59853pt x 136.67723pt.
<../../abcIMF/figures/marg_mtot_obs.pdf, id=2319, 1019.77287pt x 841.69339pt>
File: ../../abcIMF/figures/marg_mtot_obs.pdf Graphic file (type pdf)
<use ../../abcIMF/figures/marg_mtot_obs.pdf>
Package pdftex.def Info: ../../abcIMF/figures/marg_mtot_obs.pdf  used on input 
line 921.
(pdftex.def)             Requested size: 165.59853pt x 136.67723pt.
<../../abcIMF/figures/joint_k_alpha_obs.pdf, id=2326, 1019.77287pt x 841.69339p
t>
File: ../../abcIMF/figures/joint_k_alpha_obs.pdf Graphic file (type pdf)
<use ../../abcIMF/figures/joint_k_alpha_obs.pdf>
Package pdftex.def Info: ../../abcIMF/figures/joint_k_alpha_obs.pdf  used on in
put line 941.
(pdftex.def)             Requested size: 110.40253pt x 91.12244pt.
<../../abcIMF/figures/joint_k_gamma_obs.pdf, id=2327, 1019.77287pt x 841.69339p
t>
File: ../../abcIMF/figures/joint_k_gamma_obs.pdf Graphic file (type pdf)
<use ../../abcIMF/figures/joint_k_gamma_obs.pdf>
Package pdftex.def Info: ../../abcIMF/figures/joint_k_gamma_obs.pdf  used on in
put line 946.
(pdftex.def)             Requested size: 110.40253pt x 91.12244pt.
<../../abcIMF/figures/joint_k_mtot_obs.pdf, id=2328, 1019.77287pt x 841.69339pt
>
File: ../../abcIMF/figures/joint_k_mtot_obs.pdf Graphic file (type pdf)
<use ../../abcIMF/figures/joint_k_mtot_obs.pdf>
Package pdftex.def Info: ../../abcIMF/figures/joint_k_mtot_obs.pdf  used on inp
ut line 951.
(pdftex.def)             Requested size: 110.40253pt x 91.12244pt.
<../../abcIMF/figures/joint_alpha_gamma_obs.pdf, id=2329, 1019.77287pt x 841.69
339pt>
File: ../../abcIMF/figures/joint_alpha_gamma_obs.pdf Graphic file (type pdf)
<use ../../abcIMF/figures/joint_alpha_gamma_obs.pdf>
Package pdftex.def Info: ../../abcIMF/figures/joint_alpha_gamma_obs.pdf  used o
n input line 957.
(pdftex.def)             Requested size: 110.40253pt x 91.12244pt.
<../../abcIMF/figures/joint_alpha_mtot_obs.pdf, id=2330, 1019.77287pt x 841.693
39pt>
File: ../../abcIMF/figures/joint_alpha_mtot_obs.pdf Graphic file (type pdf)
<use ../../abcIMF/figures/joint_alpha_mtot_obs.pdf>
Package pdftex.def Info: ../../abcIMF/figures/joint_alpha_mtot_obs.pdf  used on
 input line 962.
(pdftex.def)             Requested size: 110.40253pt x 91.12244pt.
<../../abcIMF/figures/joint_gamma_mtot_obs.pdf, id=2331, 1019.77287pt x 841.693
39pt>
File: ../../abcIMF/figures/joint_gamma_mtot_obs.pdf Graphic file (type pdf)
<use ../../abcIMF/figures/joint_gamma_mtot_obs.pdf>
Package pdftex.def Info: ../../abcIMF/figures/joint_gamma_mtot_obs.pdf  used on
 input line 967.
(pdftex.def)             Requested size: 110.40253pt x 91.12244pt.
<../../abcIMF/figures/obs_pred_imf.pdf, id=2336, 1258.23077pt x 864.55087pt>
File: ../../abcIMF/figures/obs_pred_imf.pdf Graphic file (type pdf)
<use ../../abcIMF/figures/obs_pred_imf.pdf>
Package pdftex.def Info: ../../abcIMF/figures/obs_pred_imf.pdf  used on input l
ine 983.
(pdftex.def)             Requested size: 293.2521pt x 201.4941pt.
 [18] [19 <../../abcIMF/figures/marg_k_obs.pdf> <../../abcIMF/figures/marg_alph
a_obs.pdf> <../../abcIMF/figures/marg_gamma_obs.pdf> <../../abcIMF/figures/marg
_mtot_obs.pdf>] [20 <../../abcIMF/figures/joint_k_alpha_obs.pdf> <../../abcIMF/
figures/joint_k_gamma_obs.pdf> <../../abcIMF/figures/joint_k_mtot_obs.pdf> <../
../abcIMF/figures/joint_alpha_gamma_obs.pdf> <../../abcIMF/figures/joint_alpha_
mtot_obs.pdf> <../../abcIMF/figures/joint_gamma_mtot_obs.pdf>]
[21 <../../abcIMF/figures/obs_pred_imf.pdf>]
<../../abcIMF/figures/bate_imf.pdf, id=3394, 867.24pt x 722.7pt>
File: ../../abcIMF/figures/bate_imf.pdf Graphic file (type pdf)
<use ../../abcIMF/figures/bate_imf.pdf>
Package pdftex.def Info: ../../abcIMF/figures/bate_imf.pdf  used on input line 
1026.
(pdftex.def)             Requested size: 172.5pt x 143.74345pt.
<../../abcIMF/figures/bate_marginal_k.pdf, id=3403, 559.77551pt x 420.30705pt>
File: ../../abcIMF/figures/bate_marginal_k.pdf Graphic file (type pdf)
<use ../../abcIMF/figures/bate_marginal_k.pdf>
Package pdftex.def Info: ../../abcIMF/figures/bate_marginal_k.pdf  used on inpu
t line 1037.
(pdftex.def)             Requested size: 104.88205pt x 78.74965pt.
<../../abcIMF/figures/bate_marginal_alpha.pdf, id=3404, 559.77551pt x 420.30705
pt>
File: ../../abcIMF/figures/bate_marginal_alpha.pdf Graphic file (type pdf)
<use ../../abcIMF/figures/bate_marginal_alpha.pdf>
Package pdftex.def Info: ../../abcIMF/figures/bate_marginal_alpha.pdf  used on 
input line 1042.
(pdftex.def)             Requested size: 104.88205pt x 78.74965pt.
<../../abcIMF/figures/bate_marginal_gamma.pdf, id=3405, 559.77551pt x 420.30705
pt>
File: ../../abcIMF/figures/bate_marginal_gamma.pdf Graphic file (type pdf)
<use ../../abcIMF/figures/bate_marginal_gamma.pdf>
Package pdftex.def Info: ../../abcIMF/figures/bate_marginal_gamma.pdf  used on 
input line 1047.
(pdftex.def)             Requested size: 104.88205pt x 78.74965pt.
<../../abcIMF/figures/bate_joint_k_alpha.pdf, id=3410, 583.86552pt x 441.22731p
t>
File: ../../abcIMF/figures/bate_joint_k_alpha.pdf Graphic file (type pdf)
<use ../../abcIMF/figures/bate_joint_k_alpha.pdf>
Package pdftex.def Info: ../../abcIMF/figures/bate_joint_k_alpha.pdf  used on i
nput line 1061.
(pdftex.def)             Requested size: 110.40253pt x 83.4301pt.
<../../abcIMF/figures/bate_joint_k_gamma.pdf, id=3411, 583.86552pt x 441.22731p
t>
File: ../../abcIMF/figures/bate_joint_k_gamma.pdf Graphic file (type pdf)
<use ../../abcIMF/figures/bate_joint_k_gamma.pdf>
Package pdftex.def Info: ../../abcIMF/figures/bate_joint_k_gamma.pdf  used on i
nput line 1066.
(pdftex.def)             Requested size: 110.40253pt x 83.4301pt.
<../../abcIMF/figures/bate_joint_alpha_gamma.pdf, id=3412, 583.86552pt x 441.22
731pt>
File: ../../abcIMF/figures/bate_joint_alpha_gamma.pdf Graphic file (type pdf)
<use ../../abcIMF/figures/bate_joint_alpha_gamma.pdf>
Package pdftex.def Info: ../../abcIMF/figures/bate_joint_alpha_gamma.pdf  used 
on input line 1071.
(pdftex.def)             Requested size: 110.40253pt x 83.4301pt.
<../../abcIMF/figures/bate_pred_imf.pdf, id=3421, 1105.26721pt x 826.13232pt>
File: ../../abcIMF/figures/bate_pred_imf.pdf Graphic file (type pdf)
<use ../../abcIMF/figures/bate_pred_imf.pdf>
Package pdftex.def Info: ../../abcIMF/figures/bate_pred_imf.pdf  used on input 
line 1086.
(pdftex.def)             Requested size: 172.5pt x 128.93158pt.
 [22] [23 <../../abcIMF/figures/bate_imf.pdf> <../../abcIMF/figures/bate_margin
al_k.pdf> <../../abcIMF/figures/bate_marginal_alpha.pdf> <../../abcIMF/figures/
bate_marginal_gamma.pdf> <../../abcIMF/figures/bate_joint_k_alpha.pdf> <../../a
bcIMF/figures/bate_joint_k_gamma.pdf> <../../abcIMF/figures/bate_joint_alpha_ga
mma.pdf>] [24 <../../abcIMF/figures/bate_pred_imf.pdf>]
<../../abcIMF/figures/KSpowerlaw_1000_1.pdf, id=4041, 578.16pt x 433.62pt>
File: ../../abcIMF/figures/KSpowerlaw_1000_1.pdf Graphic file (type pdf)
<use ../../abcIMF/figures/KSpowerlaw_1000_1.pdf>
Package pdftex.def Info: ../../abcIMF/figures/KSpowerlaw_1000_1.pdf  used on in
put line 1166.
(pdftex.def)             Requested size: 345.0pt x 258.74484pt.
 [25] [26 <../../abcIMF/figures/KSpowerlaw_1000_1.pdf>]
<../../abcIMF/figures/sim_basic_imf_mf_log10.pdf, id=4068, 638.385pt x 433.62pt
>
File: ../../abcIMF/figures/sim_basic_imf_mf_log10.pdf Graphic file (type pdf)
<use ../../abcIMF/figures/sim_basic_imf_mf_log10.pdf>
Package pdftex.def Info: ../../abcIMF/figures/sim_basic_imf_mf_log10.pdf  used 
on input line 1195.
(pdftex.def)             Requested size: 172.5pt x 117.16498pt.

[27 <../../abcIMF/figures/sim_basic_imf_mf_log10.pdf>]
<../../abcIMF/figures/basic_1_1000_alpha.png, id=4166, 1027.84pt x 1027.84pt>
File: ../../abcIMF/figures/basic_1_1000_alpha.png Graphic file (type png)
<use ../../abcIMF/figures/basic_1_1000_alpha.png>
Package pdftex.def Info: ../../abcIMF/figures/basic_1_1000_alpha.png  used on i
nput line 1216.
(pdftex.def)             Requested size: 110.40253pt x 110.39655pt.
<../../abcIMF/figures/basic_1_1000_predictive_imf.png, id=4168, 1027.84pt x 102
7.84pt>
File: ../../abcIMF/figures/basic_1_1000_predictive_imf.png Graphic file (type p
ng)
<use ../../abcIMF/figures/basic_1_1000_predictive_imf.png>
Package pdftex.def Info: ../../abcIMF/figures/basic_1_1000_predictive_imf.png  
used on input line 1221.
(pdftex.def)             Requested size: 110.40253pt x 110.39655pt.
<../../abcIMF/figures/basic_1_1000_predictive_mf.png, id=4169, 1027.84pt x 1027
.84pt>
File: ../../abcIMF/figures/basic_1_1000_predictive_mf.png Graphic file (type pn
g)
<use ../../abcIMF/figures/basic_1_1000_predictive_mf.png>
Package pdftex.def Info: ../../abcIMF/figures/basic_1_1000_predictive_mf.png  u
sed on input line 1226.
(pdftex.def)             Requested size: 110.40253pt x 110.39655pt.
 (./ejs1_r1.bbl
Underfull \hbox (badness 3271) in paragraph at lines 21--46
[]\OT1/cmr/m/sc/10 Ashworth, G.\OT1/cmr/m/n/10 , \OT1/cmr/m/sc/10 Fu-ma-galli, 
M.\OT1/cmr/m/n/10 , \OT1/cmr/m/sc/10 Krumholz, M. R.\OT1/cmr/m/n/10 , \OT1/cmr/
m/sc/10 Adamo, A.\OT1/cmr/m/n/10 ,
 []

[28] [29 <../../abcIMF/figures/basic_1_1000_alpha.png> <../../abcIMF/figures/ba
sic_1_1000_predictive_imf.png> <../../abcIMF/figures/basic_1_1000_predictive_mf
.png>] [30] [31] [32] [33])
Package atveryend Info: Empty hook `BeforeClearDocument' on input line 1264.
 [34]
Package atveryend Info: Empty hook `AfterLastShipout' on input line 1264.
 (./ejs1_r1.aux)
Package atveryend Info: Executing hook `AtVeryEndDocument' on input line 1264.
Package atveryend Info: Executing hook `AtEndAfterFileList' on input line 1264.

Package rerunfilecheck Info: File `ejs1_r1.out' has not changed.
(rerunfilecheck)             Checksum: 2092CD8A4B5C6471460FEF37B2E3DD5C;1203.
Package atveryend Info: Empty hook `AtVeryVeryEnd' on input line 1264.
 )
(\end occurred when \ifnum on line 170 was incomplete) 
Here is how much of TeX's memory you used:
 10133 strings out of 494091
 156760 string characters out of 6163523
 281384 words of memory out of 5000000
 13441 multiletter control sequences out of 15000+600000
 21098 words of font info for 79 fonts, out of 8000000 for 9000
 319 hyphenation exceptions out of 8191
 36i,18n,43p,1444b,579s stack positions out of 5000i,500n,10000p,200000b,80000s
 </Users/jessicisewskikeh
e/Library/texlive/2018basic/texmf-var/fonts/pk/ljfour/public/bbm/bbm10.600pk></
usr/local/texlive/2018basic/texmf-dist/fonts/type1/public/amsfonts/cm/cmbx10.pf
b></usr/local/texlive/2018basic/texmf-dist/fonts/type1/public/amsfonts/cm/cmbx1
2.pfb></usr/local/texlive/2018basic/texmf-dist/fonts/type1/public/amsfonts/cm/c
mbx7.pfb></usr/local/texlive/2018basic/texmf-dist/fonts/type1/public/amsfonts/c
m/cmbx8.pfb></usr/local/texlive/2018basic/texmf-dist/fonts/type1/public/amsfont
s/cm/cmbxti10.pfb></usr/local/texlive/2018basic/texmf-dist/fonts/type1/public/a
msfonts/cm/cmcsc10.pfb></usr/local/texlive/2018basic/texmf-dist/fonts/type1/pub
lic/amsfonts/cm/cmex10.pfb></usr/local/texlive/2018basic/texmf-dist/fonts/type1
/public/amsfonts/cmextra/cmex7.pfb></usr/local/texlive/2018basic/texmf-dist/fon
ts/type1/public/amsfonts/cm/cmmi10.pfb></usr/local/texlive/2018basic/texmf-dist
/fonts/type1/public/amsfonts/cm/cmmi5.pfb></usr/local/texlive/2018basic/texmf-d
ist/fonts/type1/public/amsfonts/cm/cmmi6.pfb></usr/local/texlive/2018basic/texm
f-dist/fonts/type1/public/amsfonts/cm/cmmi7.pfb></usr/local/texlive/2018basic/t
exmf-dist/fonts/type1/public/amsfonts/cm/cmmi8.pfb></usr/local/texlive/2018basi
c/texmf-dist/fonts/type1/public/amsfonts/cm/cmmi9.pfb></usr/local/texlive/2018b
asic/texmf-dist/fonts/type1/public/amsfonts/cm/cmmib10.pfb></usr/local/texlive/
2018basic/texmf-dist/fonts/type1/public/amsfonts/cm/cmr10.pfb></usr/local/texli
ve/2018basic/texmf-dist/fonts/type1/public/amsfonts/cm/cmr5.pfb></usr/local/tex
live/2018basic/texmf-dist/fonts/type1/public/amsfonts/cm/cmr6.pfb></usr/local/t
exlive/2018basic/texmf-dist/fonts/type1/public/amsfonts/cm/cmr7.pfb></usr/local
/texlive/2018basic/texmf-dist/fonts/type1/public/amsfonts/cm/cmr8.pfb></usr/loc
al/texlive/2018basic/texmf-dist/fonts/type1/public/amsfonts/cm/cmr9.pfb></usr/l
ocal/texlive/2018basic/texmf-dist/fonts/type1/public/amsfonts/cm/cmsy10.pfb></u
sr/local/texlive/2018basic/texmf-dist/fonts/type1/public/amsfonts/cm/cmsy5.pfb>
</usr/local/texlive/2018basic/texmf-dist/fonts/type1/public/amsfonts/cm/cmsy6.p
fb></usr/local/texlive/2018basic/texmf-dist/fonts/type1/public/amsfonts/cm/cmsy
7.pfb></usr/local/texlive/2018basic/texmf-dist/fonts/type1/public/amsfonts/cm/c
msy8.pfb></usr/local/texlive/2018basic/texmf-dist/fonts/type1/public/amsfonts/c
m/cmti10.pfb></usr/local/texlive/2018basic/texmf-dist/fonts/type1/public/amsfon
ts/cm/cmti7.pfb></usr/local/texlive/2018basic/texmf-dist/fonts/type1/public/ams
fonts/cm/cmti8.pfb></usr/local/texlive/2018basic/texmf-dist/fonts/type1/public/
amsfonts/cm/cmti9.pfb></usr/local/texlive/2018basic/texmf-dist/fonts/type1/publ
ic/amsfonts/cm/cmtt8.pfb>
Output written on ejs1_r1.pdf (34 pages, 8189788 bytes).
PDF statistics:
 4346 PDF objects out of 5155 (max. 8388607)
 3340 compressed objects within 34 object streams
 165 named destinations out of 1000 (max. 500000)
 340 words of extra memory for PDF output out of 10000 (max. 10000000)

